#-----------------------------------------------------------
# Vivado v2020.2 (64-bit)
# SW Build 3064766 on Wed Nov 18 09:12:45 MST 2020
# IP Build 3064653 on Wed Nov 18 14:17:31 MST 2020
# Start of session at: Sun Feb 25 14:20:15 2024
# Process ID: 2772
# Current directory: C:/Users/Laurent/OneDrive - USherbrooke/Documents_Uni/S4/App3/S4_APP3
# Command line: vivado.exe -gui_launcher_event rodinguilauncherevent5872 C:\Users\Laurent\OneDrive - USherbrooke\Documents_Uni\S4\App3\S4_APP3\mips32_unicycle_reference.xpr
# Log file: C:/Users/Laurent/OneDrive - USherbrooke/Documents_Uni/S4/App3/S4_APP3/vivado.log
# Journal file: C:/Users/Laurent/OneDrive - USherbrooke/Documents_Uni/S4/App3/S4_APP3\vivado.jou
#-----------------------------------------------------------
start_gui
open_project {C:/Users/Laurent/OneDrive - USherbrooke/Documents_Uni/S4/App3/S4_APP3/mips32_unicycle_reference.xpr}
INFO: [Project 1-313] Project file moved from 'F:/Xilinx/Projects/S4_APP3/S4_APP3' since last save.
WARNING: [filemgmt 56-2] Default IP Output Path : Could not find the directory 'C:/Users/Laurent/OneDrive - USherbrooke/Documents_Uni/S4/App3/S4_APP3/mips32_unicycle_reference.gen/sources_1', nor could it be found using path 'F:/Xilinx/Projects/S4_APP3/S4_APP3/mips32_unicycle_reference.gen/sources_1'.
WARNING: [filemgmt 56-2] IPUserFilesDir: Could not find the directory 'C:/Users/Laurent/OneDrive - USherbrooke/Documents_Uni/S4/App3/S4_APP3/mips32_unicycle_reference.ip_user_files', nor could it be found using path 'F:/Xilinx/Projects/S4_APP3/S4_APP3/mips32_unicycle_reference.ip_user_files'.
CRITICAL WARNING: [Project 1-19] Could not find the file 'C:/Users/phild/Downloads/MemDonneesWideDual.vhd'.
Scanning sources...
Finished scanning sources
INFO: [IP_Flow 19-234] Refreshing IP repositories
INFO: [IP_Flow 19-1704] No user IP repositories specified
INFO: [IP_Flow 19-2313] Loaded Vivado IP repository 'C:/Xilinx/Vivado/2020.2/data/ip'.
open_project: Time (s): cpu = 00:00:02 ; elapsed = 00:00:06 . Memory (MB): peak = 1093.695 ; gain = 0.000
add_files -norecurse {{C:/Users/Laurent/OneDrive - USherbrooke/Documents_Uni/S4/App3/S4_APP3/mips32_unicycle_reference.srcs/sources_1/imports/brel0901-durp2003.viterbi.asm}}
import_files -norecurse {{C:/Users/Laurent/OneDrive - USherbrooke/Documents_Uni/S4/App3/MemDonneesWideDual.vhd}}
export_ip_user_files -of_objects  [get_files C:/Users/phild/Downloads/MemDonneesWideDual.vhd] -no_script -reset -force -quiet
remove_files  C:/Users/phild/Downloads/MemDonneesWideDual.vhd
<<<<<<< Updated upstream
=======
exit
INFO: [Common 17-206] Exiting Vivado at Sun Feb 25 14:33:48 2024...
>>>>>>> Stashed changes
