Vivado Simulator 2020.2
Time resolution is 1 ps
Warning: NUMERIC_STD."=": metavalue detected, returning FALSE
Time: 0 ps  Iteration: 0  Process: /mips_unicycle_tb/dut/inst_Datapath/inst_SIMD_core/inst_Alu_core/inst_Alu_4/line__87  File: F:/Xilinx/Projects/S4_APP3/S4_APP3/mips32_unicycle_reference.srcs/sources_1/imports/alu.vhd
Warning: NUMERIC_STD."=": metavalue detected, returning FALSE
Time: 0 ps  Iteration: 0  Process: /mips_unicycle_tb/dut/inst_Datapath/inst_SIMD_core/inst_Alu_core/inst_Alu_3/line__87  File: F:/Xilinx/Projects/S4_APP3/S4_APP3/mips32_unicycle_reference.srcs/sources_1/imports/alu.vhd
Warning: NUMERIC_STD."=": metavalue detected, returning FALSE
Time: 0 ps  Iteration: 0  Process: /mips_unicycle_tb/dut/inst_Datapath/inst_SIMD_core/inst_Alu_core/inst_Alu_2/line__87  File: F:/Xilinx/Projects/S4_APP3/S4_APP3/mips32_unicycle_reference.srcs/sources_1/imports/alu.vhd
Warning: NUMERIC_STD."=": metavalue detected, returning FALSE
Time: 0 ps  Iteration: 0  Process: /mips_unicycle_tb/dut/inst_Datapath/inst_SIMD_core/inst_Alu_core/inst_Alu_1/line__87  File: F:/Xilinx/Projects/S4_APP3/S4_APP3/mips32_unicycle_reference.srcs/sources_1/imports/alu.vhd
Warning: NUMERIC_STD."=": metavalue detected, returning FALSE
Time: 0 ps  Iteration: 0  Process: /mips_unicycle_tb/dut/inst_Datapath/inst_Alu/line__87  File: F:/Xilinx/Projects/S4_APP3/S4_APP3/mips32_unicycle_reference.srcs/sources_1/imports/alu.vhd
Warning: NUMERIC_STD."=": metavalue detected, returning FALSE
Time: 270 ns  Iteration: 4  Process: /mips_unicycle_tb/dut/inst_Datapath/inst_SIMD_core/inst_Alu_core/inst_Alu_1/line__87  File: F:/Xilinx/Projects/S4_APP3/S4_APP3/mips32_unicycle_reference.srcs/sources_1/imports/alu.vhd
Warning: NUMERIC_STD."=": metavalue detected, returning FALSE
Time: 270 ns  Iteration: 4  Process: /mips_unicycle_tb/dut/inst_Datapath/inst_SIMD_core/inst_Alu_core/inst_Alu_2/line__87  File: F:/Xilinx/Projects/S4_APP3/S4_APP3/mips32_unicycle_reference.srcs/sources_1/imports/alu.vhd
Warning: NUMERIC_STD."=": metavalue detected, returning FALSE
Time: 270 ns  Iteration: 4  Process: /mips_unicycle_tb/dut/inst_Datapath/inst_SIMD_core/inst_Alu_core/inst_Alu_3/line__87  File: F:/Xilinx/Projects/S4_APP3/S4_APP3/mips32_unicycle_reference.srcs/sources_1/imports/alu.vhd
Warning: NUMERIC_STD."=": metavalue detected, returning FALSE
Time: 270 ns  Iteration: 4  Process: /mips_unicycle_tb/dut/inst_Datapath/inst_SIMD_core/inst_Alu_core/inst_Alu_4/line__87  File: F:/Xilinx/Projects/S4_APP3/S4_APP3/mips32_unicycle_reference.srcs/sources_1/imports/alu.vhd
Warning: NUMERIC_STD."=": metavalue detected, returning FALSE
Time: 390 ns  Iteration: 4  Process: /mips_unicycle_tb/dut/inst_Datapath/inst_SIMD_core/inst_Alu_core/inst_Alu_1/line__87  File: F:/Xilinx/Projects/S4_APP3/S4_APP3/mips32_unicycle_reference.srcs/sources_1/imports/alu.vhd
Warning: NUMERIC_STD."=": metavalue detected, returning FALSE
Time: 390 ns  Iteration: 4  Process: /mips_unicycle_tb/dut/inst_Datapath/inst_SIMD_core/inst_Alu_core/inst_Alu_2/line__87  File: F:/Xilinx/Projects/S4_APP3/S4_APP3/mips32_unicycle_reference.srcs/sources_1/imports/alu.vhd
Warning: NUMERIC_STD."=": metavalue detected, returning FALSE
Time: 390 ns  Iteration: 4  Process: /mips_unicycle_tb/dut/inst_Datapath/inst_SIMD_core/inst_Alu_core/inst_Alu_3/line__87  File: F:/Xilinx/Projects/S4_APP3/S4_APP3/mips32_unicycle_reference.srcs/sources_1/imports/alu.vhd
Warning: NUMERIC_STD."=": metavalue detected, returning FALSE
Time: 390 ns  Iteration: 4  Process: /mips_unicycle_tb/dut/inst_Datapath/inst_SIMD_core/inst_Alu_core/inst_Alu_4/line__87  File: F:/Xilinx/Projects/S4_APP3/S4_APP3/mips32_unicycle_reference.srcs/sources_1/imports/alu.vhd
Warning: NUMERIC_STD."=": metavalue detected, returning FALSE
Time: 510 ns  Iteration: 4  Process: /mips_unicycle_tb/dut/inst_Datapath/inst_SIMD_core/inst_Alu_core/inst_Alu_1/line__87  File: F:/Xilinx/Projects/S4_APP3/S4_APP3/mips32_unicycle_reference.srcs/sources_1/imports/alu.vhd
Warning: NUMERIC_STD."=": metavalue detected, returning FALSE
Time: 510 ns  Iteration: 4  Process: /mips_unicycle_tb/dut/inst_Datapath/inst_SIMD_core/inst_Alu_core/inst_Alu_2/line__87  File: F:/Xilinx/Projects/S4_APP3/S4_APP3/mips32_unicycle_reference.srcs/sources_1/imports/alu.vhd
Warning: NUMERIC_STD."=": metavalue detected, returning FALSE
Time: 510 ns  Iteration: 4  Process: /mips_unicycle_tb/dut/inst_Datapath/inst_SIMD_core/inst_Alu_core/inst_Alu_3/line__87  File: F:/Xilinx/Projects/S4_APP3/S4_APP3/mips32_unicycle_reference.srcs/sources_1/imports/alu.vhd
Warning: NUMERIC_STD."=": metavalue detected, returning FALSE
Time: 510 ns  Iteration: 4  Process: /mips_unicycle_tb/dut/inst_Datapath/inst_SIMD_core/inst_Alu_core/inst_Alu_4/line__87  File: F:/Xilinx/Projects/S4_APP3/S4_APP3/mips32_unicycle_reference.srcs/sources_1/imports/alu.vhd
Warning: NUMERIC_STD."=": metavalue detected, returning FALSE
Time: 630 ns  Iteration: 4  Process: /mips_unicycle_tb/dut/inst_Datapath/inst_SIMD_core/inst_Alu_core/inst_Alu_1/line__87  File: F:/Xilinx/Projects/S4_APP3/S4_APP3/mips32_unicycle_reference.srcs/sources_1/imports/alu.vhd
Warning: NUMERIC_STD."=": metavalue detected, returning FALSE
Time: 630 ns  Iteration: 4  Process: /mips_unicycle_tb/dut/inst_Datapath/inst_SIMD_core/inst_Alu_core/inst_Alu_2/line__87  File: F:/Xilinx/Projects/S4_APP3/S4_APP3/mips32_unicycle_reference.srcs/sources_1/imports/alu.vhd
Warning: NUMERIC_STD."=": metavalue detected, returning FALSE
Time: 630 ns  Iteration: 4  Process: /mips_unicycle_tb/dut/inst_Datapath/inst_SIMD_core/inst_Alu_core/inst_Alu_3/line__87  File: F:/Xilinx/Projects/S4_APP3/S4_APP3/mips32_unicycle_reference.srcs/sources_1/imports/alu.vhd
Warning: NUMERIC_STD."=": metavalue detected, returning FALSE
Time: 630 ns  Iteration: 4  Process: /mips_unicycle_tb/dut/inst_Datapath/inst_SIMD_core/inst_Alu_core/inst_Alu_4/line__87  File: F:/Xilinx/Projects/S4_APP3/S4_APP3/mips32_unicycle_reference.srcs/sources_1/imports/alu.vhd
Warning: NUMERIC_STD."=": metavalue detected, returning FALSE
Time: 750 ns  Iteration: 4  Process: /mips_unicycle_tb/dut/inst_Datapath/inst_SIMD_core/inst_Alu_core/inst_Alu_1/line__87  File: F:/Xilinx/Projects/S4_APP3/S4_APP3/mips32_unicycle_reference.srcs/sources_1/imports/alu.vhd
Warning: NUMERIC_STD."=": metavalue detected, returning FALSE
Time: 750 ns  Iteration: 4  Process: /mips_unicycle_tb/dut/inst_Datapath/inst_SIMD_core/inst_Alu_core/inst_Alu_2/line__87  File: F:/Xilinx/Projects/S4_APP3/S4_APP3/mips32_unicycle_reference.srcs/sources_1/imports/alu.vhd
Warning: NUMERIC_STD."=": metavalue detected, returning FALSE
Time: 750 ns  Iteration: 4  Process: /mips_unicycle_tb/dut/inst_Datapath/inst_SIMD_core/inst_Alu_core/inst_Alu_3/line__87  File: F:/Xilinx/Projects/S4_APP3/S4_APP3/mips32_unicycle_reference.srcs/sources_1/imports/alu.vhd
Warning: NUMERIC_STD."=": metavalue detected, returning FALSE
Time: 750 ns  Iteration: 4  Process: /mips_unicycle_tb/dut/inst_Datapath/inst_SIMD_core/inst_Alu_core/inst_Alu_4/line__87  File: F:/Xilinx/Projects/S4_APP3/S4_APP3/mips32_unicycle_reference.srcs/sources_1/imports/alu.vhd
Warning: NUMERIC_STD."=": metavalue detected, returning FALSE
Time: 870 ns  Iteration: 4  Process: /mips_unicycle_tb/dut/inst_Datapath/inst_SIMD_core/inst_Alu_core/inst_Alu_1/line__87  File: F:/Xilinx/Projects/S4_APP3/S4_APP3/mips32_unicycle_reference.srcs/sources_1/imports/alu.vhd
Warning: NUMERIC_STD."=": metavalue detected, returning FALSE
Time: 870 ns  Iteration: 4  Process: /mips_unicycle_tb/dut/inst_Datapath/inst_SIMD_core/inst_Alu_core/inst_Alu_2/line__87  File: F:/Xilinx/Projects/S4_APP3/S4_APP3/mips32_unicycle_reference.srcs/sources_1/imports/alu.vhd
Warning: NUMERIC_STD."=": metavalue detected, returning FALSE
Time: 870 ns  Iteration: 4  Process: /mips_unicycle_tb/dut/inst_Datapath/inst_SIMD_core/inst_Alu_core/inst_Alu_3/line__87  File: F:/Xilinx/Projects/S4_APP3/S4_APP3/mips32_unicycle_reference.srcs/sources_1/imports/alu.vhd
Warning: NUMERIC_STD."=": metavalue detected, returning FALSE
Time: 870 ns  Iteration: 4  Process: /mips_unicycle_tb/dut/inst_Datapath/inst_SIMD_core/inst_Alu_core/inst_Alu_4/line__87  File: F:/Xilinx/Projects/S4_APP3/S4_APP3/mips32_unicycle_reference.srcs/sources_1/imports/alu.vhd
Warning: NUMERIC_STD."=": metavalue detected, returning FALSE
Time: 990 ns  Iteration: 4  Process: /mips_unicycle_tb/dut/inst_Datapath/inst_SIMD_core/inst_Alu_core/inst_Alu_1/line__87  File: F:/Xilinx/Projects/S4_APP3/S4_APP3/mips32_unicycle_reference.srcs/sources_1/imports/alu.vhd
Warning: NUMERIC_STD."=": metavalue detected, returning FALSE
Time: 990 ns  Iteration: 4  Process: /mips_unicycle_tb/dut/inst_Datapath/inst_SIMD_core/inst_Alu_core/inst_Alu_2/line__87  File: F:/Xilinx/Projects/S4_APP3/S4_APP3/mips32_unicycle_reference.srcs/sources_1/imports/alu.vhd
Warning: NUMERIC_STD."=": metavalue detected, returning FALSE
Time: 990 ns  Iteration: 4  Process: /mips_unicycle_tb/dut/inst_Datapath/inst_SIMD_core/inst_Alu_core/inst_Alu_3/line__87  File: F:/Xilinx/Projects/S4_APP3/S4_APP3/mips32_unicycle_reference.srcs/sources_1/imports/alu.vhd
Warning: NUMERIC_STD."=": metavalue detected, returning FALSE
Time: 990 ns  Iteration: 4  Process: /mips_unicycle_tb/dut/inst_Datapath/inst_SIMD_core/inst_Alu_core/inst_Alu_4/line__87  File: F:/Xilinx/Projects/S4_APP3/S4_APP3/mips32_unicycle_reference.srcs/sources_1/imports/alu.vhd
Warning: NUMERIC_STD."=": metavalue detected, returning FALSE
Time: 1110 ns  Iteration: 4  Process: /mips_unicycle_tb/dut/inst_Datapath/inst_SIMD_core/inst_Alu_core/inst_Alu_1/line__87  File: F:/Xilinx/Projects/S4_APP3/S4_APP3/mips32_unicycle_reference.srcs/sources_1/imports/alu.vhd
Warning: NUMERIC_STD."=": metavalue detected, returning FALSE
Time: 1110 ns  Iteration: 4  Process: /mips_unicycle_tb/dut/inst_Datapath/inst_SIMD_core/inst_Alu_core/inst_Alu_2/line__87  File: F:/Xilinx/Projects/S4_APP3/S4_APP3/mips32_unicycle_reference.srcs/sources_1/imports/alu.vhd
Warning: NUMERIC_STD."=": metavalue detected, returning FALSE
Time: 1110 ns  Iteration: 4  Process: /mips_unicycle_tb/dut/inst_Datapath/inst_SIMD_core/inst_Alu_core/inst_Alu_3/line__87  File: F:/Xilinx/Projects/S4_APP3/S4_APP3/mips32_unicycle_reference.srcs/sources_1/imports/alu.vhd
Warning: NUMERIC_STD."=": metavalue detected, returning FALSE
Time: 1110 ns  Iteration: 4  Process: /mips_unicycle_tb/dut/inst_Datapath/inst_SIMD_core/inst_Alu_core/inst_Alu_4/line__87  File: F:/Xilinx/Projects/S4_APP3/S4_APP3/mips32_unicycle_reference.srcs/sources_1/imports/alu.vhd
Warning: NUMERIC_STD."=": metavalue detected, returning FALSE
Time: 1230 ns  Iteration: 4  Process: /mips_unicycle_tb/dut/inst_Datapath/inst_SIMD_core/inst_Alu_core/inst_Alu_1/line__87  File: F:/Xilinx/Projects/S4_APP3/S4_APP3/mips32_unicycle_reference.srcs/sources_1/imports/alu.vhd
Warning: NUMERIC_STD."=": metavalue detected, returning FALSE
Time: 1230 ns  Iteration: 4  Process: /mips_unicycle_tb/dut/inst_Datapath/inst_SIMD_core/inst_Alu_core/inst_Alu_2/line__87  File: F:/Xilinx/Projects/S4_APP3/S4_APP3/mips32_unicycle_reference.srcs/sources_1/imports/alu.vhd
Warning: NUMERIC_STD."=": metavalue detected, returning FALSE
Time: 1230 ns  Iteration: 4  Process: /mips_unicycle_tb/dut/inst_Datapath/inst_SIMD_core/inst_Alu_core/inst_Alu_3/line__87  File: F:/Xilinx/Projects/S4_APP3/S4_APP3/mips32_unicycle_reference.srcs/sources_1/imports/alu.vhd
Warning: NUMERIC_STD."=": metavalue detected, returning FALSE
Time: 1230 ns  Iteration: 4  Process: /mips_unicycle_tb/dut/inst_Datapath/inst_SIMD_core/inst_Alu_core/inst_Alu_4/line__87  File: F:/Xilinx/Projects/S4_APP3/S4_APP3/mips32_unicycle_reference.srcs/sources_1/imports/alu.vhd
Warning: NUMERIC_STD."=": metavalue detected, returning FALSE
Time: 1350 ns  Iteration: 4  Process: /mips_unicycle_tb/dut/inst_Datapath/inst_SIMD_core/inst_Alu_core/inst_Alu_1/line__87  File: F:/Xilinx/Projects/S4_APP3/S4_APP3/mips32_unicycle_reference.srcs/sources_1/imports/alu.vhd
Warning: NUMERIC_STD."=": metavalue detected, returning FALSE
Time: 1350 ns  Iteration: 4  Process: /mips_unicycle_tb/dut/inst_Datapath/inst_SIMD_core/inst_Alu_core/inst_Alu_2/line__87  File: F:/Xilinx/Projects/S4_APP3/S4_APP3/mips32_unicycle_reference.srcs/sources_1/imports/alu.vhd
Warning: NUMERIC_STD."=": metavalue detected, returning FALSE
Time: 1350 ns  Iteration: 4  Process: /mips_unicycle_tb/dut/inst_Datapath/inst_SIMD_core/inst_Alu_core/inst_Alu_3/line__87  File: F:/Xilinx/Projects/S4_APP3/S4_APP3/mips32_unicycle_reference.srcs/sources_1/imports/alu.vhd
Warning: NUMERIC_STD."=": metavalue detected, returning FALSE
Time: 1350 ns  Iteration: 4  Process: /mips_unicycle_tb/dut/inst_Datapath/inst_SIMD_core/inst_Alu_core/inst_Alu_4/line__87  File: F:/Xilinx/Projects/S4_APP3/S4_APP3/mips32_unicycle_reference.srcs/sources_1/imports/alu.vhd
Warning: NUMERIC_STD."=": metavalue detected, returning FALSE
Time: 1470 ns  Iteration: 4  Process: /mips_unicycle_tb/dut/inst_Datapath/inst_SIMD_core/inst_Alu_core/inst_Alu_1/line__87  File: F:/Xilinx/Projects/S4_APP3/S4_APP3/mips32_unicycle_reference.srcs/sources_1/imports/alu.vhd
Warning: NUMERIC_STD."=": metavalue detected, returning FALSE
Time: 1470 ns  Iteration: 4  Process: /mips_unicycle_tb/dut/inst_Datapath/inst_SIMD_core/inst_Alu_core/inst_Alu_2/line__87  File: F:/Xilinx/Projects/S4_APP3/S4_APP3/mips32_unicycle_reference.srcs/sources_1/imports/alu.vhd
Warning: NUMERIC_STD."=": metavalue detected, returning FALSE
Time: 1470 ns  Iteration: 4  Process: /mips_unicycle_tb/dut/inst_Datapath/inst_SIMD_core/inst_Alu_core/inst_Alu_3/line__87  File: F:/Xilinx/Projects/S4_APP3/S4_APP3/mips32_unicycle_reference.srcs/sources_1/imports/alu.vhd
Warning: NUMERIC_STD."=": metavalue detected, returning FALSE
Time: 1470 ns  Iteration: 4  Process: /mips_unicycle_tb/dut/inst_Datapath/inst_SIMD_core/inst_Alu_core/inst_Alu_4/line__87  File: F:/Xilinx/Projects/S4_APP3/S4_APP3/mips32_unicycle_reference.srcs/sources_1/imports/alu.vhd
Warning: NUMERIC_STD."=": metavalue detected, returning FALSE
Time: 1590 ns  Iteration: 4  Process: /mips_unicycle_tb/dut/inst_Datapath/inst_SIMD_core/inst_Alu_core/inst_Alu_1/line__87  File: F:/Xilinx/Projects/S4_APP3/S4_APP3/mips32_unicycle_reference.srcs/sources_1/imports/alu.vhd
Warning: NUMERIC_STD."=": metavalue detected, returning FALSE
Time: 1590 ns  Iteration: 4  Process: /mips_unicycle_tb/dut/inst_Datapath/inst_SIMD_core/inst_Alu_core/inst_Alu_2/line__87  File: F:/Xilinx/Projects/S4_APP3/S4_APP3/mips32_unicycle_reference.srcs/sources_1/imports/alu.vhd
Warning: NUMERIC_STD."=": metavalue detected, returning FALSE
Time: 1590 ns  Iteration: 4  Process: /mips_unicycle_tb/dut/inst_Datapath/inst_SIMD_core/inst_Alu_core/inst_Alu_3/line__87  File: F:/Xilinx/Projects/S4_APP3/S4_APP3/mips32_unicycle_reference.srcs/sources_1/imports/alu.vhd
Warning: NUMERIC_STD."=": metavalue detected, returning FALSE
Time: 1590 ns  Iteration: 4  Process: /mips_unicycle_tb/dut/inst_Datapath/inst_SIMD_core/inst_Alu_core/inst_Alu_4/line__87  File: F:/Xilinx/Projects/S4_APP3/S4_APP3/mips32_unicycle_reference.srcs/sources_1/imports/alu.vhd
Warning: NUMERIC_STD."=": metavalue detected, returning FALSE
Time: 1710 ns  Iteration: 4  Process: /mips_unicycle_tb/dut/inst_Datapath/inst_SIMD_core/inst_Alu_core/inst_Alu_1/line__87  File: F:/Xilinx/Projects/S4_APP3/S4_APP3/mips32_unicycle_reference.srcs/sources_1/imports/alu.vhd
Warning: NUMERIC_STD."=": metavalue detected, returning FALSE
Time: 1710 ns  Iteration: 4  Process: /mips_unicycle_tb/dut/inst_Datapath/inst_SIMD_core/inst_Alu_core/inst_Alu_2/line__87  File: F:/Xilinx/Projects/S4_APP3/S4_APP3/mips32_unicycle_reference.srcs/sources_1/imports/alu.vhd
Warning: NUMERIC_STD."=": metavalue detected, returning FALSE
Time: 1710 ns  Iteration: 4  Process: /mips_unicycle_tb/dut/inst_Datapath/inst_SIMD_core/inst_Alu_core/inst_Alu_3/line__87  File: F:/Xilinx/Projects/S4_APP3/S4_APP3/mips32_unicycle_reference.srcs/sources_1/imports/alu.vhd
Warning: NUMERIC_STD."=": metavalue detected, returning FALSE
Time: 1710 ns  Iteration: 4  Process: /mips_unicycle_tb/dut/inst_Datapath/inst_SIMD_core/inst_Alu_core/inst_Alu_4/line__87  File: F:/Xilinx/Projects/S4_APP3/S4_APP3/mips32_unicycle_reference.srcs/sources_1/imports/alu.vhd
Warning: NUMERIC_STD."=": metavalue detected, returning FALSE
Time: 1830 ns  Iteration: 4  Process: /mips_unicycle_tb/dut/inst_Datapath/inst_SIMD_core/inst_Alu_core/inst_Alu_1/line__87  File: F:/Xilinx/Projects/S4_APP3/S4_APP3/mips32_unicycle_reference.srcs/sources_1/imports/alu.vhd
Warning: NUMERIC_STD."=": metavalue detected, returning FALSE
Time: 1830 ns  Iteration: 4  Process: /mips_unicycle_tb/dut/inst_Datapath/inst_SIMD_core/inst_Alu_core/inst_Alu_2/line__87  File: F:/Xilinx/Projects/S4_APP3/S4_APP3/mips32_unicycle_reference.srcs/sources_1/imports/alu.vhd
Warning: NUMERIC_STD."=": metavalue detected, returning FALSE
Time: 1830 ns  Iteration: 4  Process: /mips_unicycle_tb/dut/inst_Datapath/inst_SIMD_core/inst_Alu_core/inst_Alu_3/line__87  File: F:/Xilinx/Projects/S4_APP3/S4_APP3/mips32_unicycle_reference.srcs/sources_1/imports/alu.vhd
Warning: NUMERIC_STD."=": metavalue detected, returning FALSE
Time: 1830 ns  Iteration: 4  Process: /mips_unicycle_tb/dut/inst_Datapath/inst_SIMD_core/inst_Alu_core/inst_Alu_4/line__87  File: F:/Xilinx/Projects/S4_APP3/S4_APP3/mips32_unicycle_reference.srcs/sources_1/imports/alu.vhd
Warning: NUMERIC_STD."=": metavalue detected, returning FALSE
Time: 1950 ns  Iteration: 4  Process: /mips_unicycle_tb/dut/inst_Datapath/inst_SIMD_core/inst_Alu_core/inst_Alu_1/line__87  File: F:/Xilinx/Projects/S4_APP3/S4_APP3/mips32_unicycle_reference.srcs/sources_1/imports/alu.vhd
Warning: NUMERIC_STD."=": metavalue detected, returning FALSE
Time: 1950 ns  Iteration: 4  Process: /mips_unicycle_tb/dut/inst_Datapath/inst_SIMD_core/inst_Alu_core/inst_Alu_2/line__87  File: F:/Xilinx/Projects/S4_APP3/S4_APP3/mips32_unicycle_reference.srcs/sources_1/imports/alu.vhd
Warning: NUMERIC_STD."=": metavalue detected, returning FALSE
Time: 1950 ns  Iteration: 4  Process: /mips_unicycle_tb/dut/inst_Datapath/inst_SIMD_core/inst_Alu_core/inst_Alu_3/line__87  File: F:/Xilinx/Projects/S4_APP3/S4_APP3/mips32_unicycle_reference.srcs/sources_1/imports/alu.vhd
Warning: NUMERIC_STD."=": metavalue detected, returning FALSE
Time: 1950 ns  Iteration: 4  Process: /mips_unicycle_tb/dut/inst_Datapath/inst_SIMD_core/inst_Alu_core/inst_Alu_4/line__87  File: F:/Xilinx/Projects/S4_APP3/S4_APP3/mips32_unicycle_reference.srcs/sources_1/imports/alu.vhd
Warning: NUMERIC_STD."=": metavalue detected, returning FALSE
Time: 2070 ns  Iteration: 4  Process: /mips_unicycle_tb/dut/inst_Datapath/inst_SIMD_core/inst_Alu_core/inst_Alu_1/line__87  File: F:/Xilinx/Projects/S4_APP3/S4_APP3/mips32_unicycle_reference.srcs/sources_1/imports/alu.vhd
Warning: NUMERIC_STD."=": metavalue detected, returning FALSE
Time: 2070 ns  Iteration: 4  Process: /mips_unicycle_tb/dut/inst_Datapath/inst_SIMD_core/inst_Alu_core/inst_Alu_2/line__87  File: F:/Xilinx/Projects/S4_APP3/S4_APP3/mips32_unicycle_reference.srcs/sources_1/imports/alu.vhd
Warning: NUMERIC_STD."=": metavalue detected, returning FALSE
Time: 2070 ns  Iteration: 4  Process: /mips_unicycle_tb/dut/inst_Datapath/inst_SIMD_core/inst_Alu_core/inst_Alu_3/line__87  File: F:/Xilinx/Projects/S4_APP3/S4_APP3/mips32_unicycle_reference.srcs/sources_1/imports/alu.vhd
Warning: NUMERIC_STD."=": metavalue detected, returning FALSE
Time: 2070 ns  Iteration: 4  Process: /mips_unicycle_tb/dut/inst_Datapath/inst_SIMD_core/inst_Alu_core/inst_Alu_4/line__87  File: F:/Xilinx/Projects/S4_APP3/S4_APP3/mips32_unicycle_reference.srcs/sources_1/imports/alu.vhd
Warning: NUMERIC_STD."=": metavalue detected, returning FALSE
Time: 2190 ns  Iteration: 4  Process: /mips_unicycle_tb/dut/inst_Datapath/inst_SIMD_core/inst_Alu_core/inst_Alu_1/line__87  File: F:/Xilinx/Projects/S4_APP3/S4_APP3/mips32_unicycle_reference.srcs/sources_1/imports/alu.vhd
Warning: NUMERIC_STD."=": metavalue detected, returning FALSE
Time: 2190 ns  Iteration: 4  Process: /mips_unicycle_tb/dut/inst_Datapath/inst_SIMD_core/inst_Alu_core/inst_Alu_2/line__87  File: F:/Xilinx/Projects/S4_APP3/S4_APP3/mips32_unicycle_reference.srcs/sources_1/imports/alu.vhd
Warning: NUMERIC_STD."=": metavalue detected, returning FALSE
Time: 2190 ns  Iteration: 4  Process: /mips_unicycle_tb/dut/inst_Datapath/inst_SIMD_core/inst_Alu_core/inst_Alu_3/line__87  File: F:/Xilinx/Projects/S4_APP3/S4_APP3/mips32_unicycle_reference.srcs/sources_1/imports/alu.vhd
Warning: NUMERIC_STD."=": metavalue detected, returning FALSE
Time: 2190 ns  Iteration: 4  Process: /mips_unicycle_tb/dut/inst_Datapath/inst_SIMD_core/inst_Alu_core/inst_Alu_4/line__87  File: F:/Xilinx/Projects/S4_APP3/S4_APP3/mips32_unicycle_reference.srcs/sources_1/imports/alu.vhd
Warning: NUMERIC_STD."=": metavalue detected, returning FALSE
Time: 2310 ns  Iteration: 4  Process: /mips_unicycle_tb/dut/inst_Datapath/inst_SIMD_core/inst_Alu_core/inst_Alu_1/line__87  File: F:/Xilinx/Projects/S4_APP3/S4_APP3/mips32_unicycle_reference.srcs/sources_1/imports/alu.vhd
Warning: NUMERIC_STD."=": metavalue detected, returning FALSE
Time: 2310 ns  Iteration: 4  Process: /mips_unicycle_tb/dut/inst_Datapath/inst_SIMD_core/inst_Alu_core/inst_Alu_2/line__87  File: F:/Xilinx/Projects/S4_APP3/S4_APP3/mips32_unicycle_reference.srcs/sources_1/imports/alu.vhd
Warning: NUMERIC_STD."=": metavalue detected, returning FALSE
Time: 2310 ns  Iteration: 4  Process: /mips_unicycle_tb/dut/inst_Datapath/inst_SIMD_core/inst_Alu_core/inst_Alu_3/line__87  File: F:/Xilinx/Projects/S4_APP3/S4_APP3/mips32_unicycle_reference.srcs/sources_1/imports/alu.vhd
Warning: NUMERIC_STD."=": metavalue detected, returning FALSE
Time: 2310 ns  Iteration: 4  Process: /mips_unicycle_tb/dut/inst_Datapath/inst_SIMD_core/inst_Alu_core/inst_Alu_4/line__87  File: F:/Xilinx/Projects/S4_APP3/S4_APP3/mips32_unicycle_reference.srcs/sources_1/imports/alu.vhd
Warning: NUMERIC_STD."=": metavalue detected, returning FALSE
Time: 2430 ns  Iteration: 4  Process: /mips_unicycle_tb/dut/inst_Datapath/inst_SIMD_core/inst_Alu_core/inst_Alu_1/line__87  File: F:/Xilinx/Projects/S4_APP3/S4_APP3/mips32_unicycle_reference.srcs/sources_1/imports/alu.vhd
Warning: NUMERIC_STD."=": metavalue detected, returning FALSE
Time: 2430 ns  Iteration: 4  Process: /mips_unicycle_tb/dut/inst_Datapath/inst_SIMD_core/inst_Alu_core/inst_Alu_2/line__87  File: F:/Xilinx/Projects/S4_APP3/S4_APP3/mips32_unicycle_reference.srcs/sources_1/imports/alu.vhd
Warning: NUMERIC_STD."=": metavalue detected, returning FALSE
Time: 2430 ns  Iteration: 4  Process: /mips_unicycle_tb/dut/inst_Datapath/inst_SIMD_core/inst_Alu_core/inst_Alu_3/line__87  File: F:/Xilinx/Projects/S4_APP3/S4_APP3/mips32_unicycle_reference.srcs/sources_1/imports/alu.vhd
Warning: NUMERIC_STD."=": metavalue detected, returning FALSE
Time: 2430 ns  Iteration: 4  Process: /mips_unicycle_tb/dut/inst_Datapath/inst_SIMD_core/inst_Alu_core/inst_Alu_4/line__87  File: F:/Xilinx/Projects/S4_APP3/S4_APP3/mips32_unicycle_reference.srcs/sources_1/imports/alu.vhd
Warning: NUMERIC_STD."=": metavalue detected, returning FALSE
Time: 2550 ns  Iteration: 4  Process: /mips_unicycle_tb/dut/inst_Datapath/inst_SIMD_core/inst_Alu_core/inst_Alu_1/line__87  File: F:/Xilinx/Projects/S4_APP3/S4_APP3/mips32_unicycle_reference.srcs/sources_1/imports/alu.vhd
Warning: NUMERIC_STD."=": metavalue detected, returning FALSE
Time: 2550 ns  Iteration: 4  Process: /mips_unicycle_tb/dut/inst_Datapath/inst_SIMD_core/inst_Alu_core/inst_Alu_2/line__87  File: F:/Xilinx/Projects/S4_APP3/S4_APP3/mips32_unicycle_reference.srcs/sources_1/imports/alu.vhd
Warning: NUMERIC_STD."=": metavalue detected, returning FALSE
Time: 2550 ns  Iteration: 4  Process: /mips_unicycle_tb/dut/inst_Datapath/inst_SIMD_core/inst_Alu_core/inst_Alu_3/line__87  File: F:/Xilinx/Projects/S4_APP3/S4_APP3/mips32_unicycle_reference.srcs/sources_1/imports/alu.vhd
Warning: NUMERIC_STD."=": metavalue detected, returning FALSE
Time: 2550 ns  Iteration: 4  Process: /mips_unicycle_tb/dut/inst_Datapath/inst_SIMD_core/inst_Alu_core/inst_Alu_4/line__87  File: F:/Xilinx/Projects/S4_APP3/S4_APP3/mips32_unicycle_reference.srcs/sources_1/imports/alu.vhd
Warning: NUMERIC_STD."=": metavalue detected, returning FALSE
Time: 2670 ns  Iteration: 4  Process: /mips_unicycle_tb/dut/inst_Datapath/inst_SIMD_core/inst_Alu_core/inst_Alu_1/line__87  File: F:/Xilinx/Projects/S4_APP3/S4_APP3/mips32_unicycle_reference.srcs/sources_1/imports/alu.vhd
Warning: NUMERIC_STD."=": metavalue detected, returning FALSE
Time: 2670 ns  Iteration: 4  Process: /mips_unicycle_tb/dut/inst_Datapath/inst_SIMD_core/inst_Alu_core/inst_Alu_2/line__87  File: F:/Xilinx/Projects/S4_APP3/S4_APP3/mips32_unicycle_reference.srcs/sources_1/imports/alu.vhd
Warning: NUMERIC_STD."=": metavalue detected, returning FALSE
Time: 2670 ns  Iteration: 4  Process: /mips_unicycle_tb/dut/inst_Datapath/inst_SIMD_core/inst_Alu_core/inst_Alu_3/line__87  File: F:/Xilinx/Projects/S4_APP3/S4_APP3/mips32_unicycle_reference.srcs/sources_1/imports/alu.vhd
Warning: NUMERIC_STD."=": metavalue detected, returning FALSE
Time: 2670 ns  Iteration: 4  Process: /mips_unicycle_tb/dut/inst_Datapath/inst_SIMD_core/inst_Alu_core/inst_Alu_4/line__87  File: F:/Xilinx/Projects/S4_APP3/S4_APP3/mips32_unicycle_reference.srcs/sources_1/imports/alu.vhd
Warning: NUMERIC_STD."=": metavalue detected, returning FALSE
Time: 2790 ns  Iteration: 4  Process: /mips_unicycle_tb/dut/inst_Datapath/inst_SIMD_core/inst_Alu_core/inst_Alu_1/line__87  File: F:/Xilinx/Projects/S4_APP3/S4_APP3/mips32_unicycle_reference.srcs/sources_1/imports/alu.vhd
Warning: NUMERIC_STD."=": metavalue detected, returning FALSE
Time: 2790 ns  Iteration: 4  Process: /mips_unicycle_tb/dut/inst_Datapath/inst_SIMD_core/inst_Alu_core/inst_Alu_2/line__87  File: F:/Xilinx/Projects/S4_APP3/S4_APP3/mips32_unicycle_reference.srcs/sources_1/imports/alu.vhd
Warning: NUMERIC_STD."=": metavalue detected, returning FALSE
Time: 2790 ns  Iteration: 4  Process: /mips_unicycle_tb/dut/inst_Datapath/inst_SIMD_core/inst_Alu_core/inst_Alu_3/line__87  File: F:/Xilinx/Projects/S4_APP3/S4_APP3/mips32_unicycle_reference.srcs/sources_1/imports/alu.vhd
Warning: NUMERIC_STD."=": metavalue detected, returning FALSE
Time: 2790 ns  Iteration: 4  Process: /mips_unicycle_tb/dut/inst_Datapath/inst_SIMD_core/inst_Alu_core/inst_Alu_4/line__87  File: F:/Xilinx/Projects/S4_APP3/S4_APP3/mips32_unicycle_reference.srcs/sources_1/imports/alu.vhd
Warning: NUMERIC_STD."=": metavalue detected, returning FALSE
Time: 2910 ns  Iteration: 4  Process: /mips_unicycle_tb/dut/inst_Datapath/inst_SIMD_core/inst_Alu_core/inst_Alu_1/line__87  File: F:/Xilinx/Projects/S4_APP3/S4_APP3/mips32_unicycle_reference.srcs/sources_1/imports/alu.vhd
Warning: NUMERIC_STD."=": metavalue detected, returning FALSE
Time: 2910 ns  Iteration: 4  Process: /mips_unicycle_tb/dut/inst_Datapath/inst_SIMD_core/inst_Alu_core/inst_Alu_2/line__87  File: F:/Xilinx/Projects/S4_APP3/S4_APP3/mips32_unicycle_reference.srcs/sources_1/imports/alu.vhd
Warning: NUMERIC_STD."=": metavalue detected, returning FALSE
Time: 2910 ns  Iteration: 4  Process: /mips_unicycle_tb/dut/inst_Datapath/inst_SIMD_core/inst_Alu_core/inst_Alu_3/line__87  File: F:/Xilinx/Projects/S4_APP3/S4_APP3/mips32_unicycle_reference.srcs/sources_1/imports/alu.vhd
Warning: NUMERIC_STD."=": metavalue detected, returning FALSE
Time: 2910 ns  Iteration: 4  Process: /mips_unicycle_tb/dut/inst_Datapath/inst_SIMD_core/inst_Alu_core/inst_Alu_4/line__87  File: F:/Xilinx/Projects/S4_APP3/S4_APP3/mips32_unicycle_reference.srcs/sources_1/imports/alu.vhd
Warning: NUMERIC_STD."=": metavalue detected, returning FALSE
Time: 3030 ns  Iteration: 4  Process: /mips_unicycle_tb/dut/inst_Datapath/inst_SIMD_core/inst_Alu_core/inst_Alu_1/line__87  File: F:/Xilinx/Projects/S4_APP3/S4_APP3/mips32_unicycle_reference.srcs/sources_1/imports/alu.vhd
Warning: NUMERIC_STD."=": metavalue detected, returning FALSE
Time: 3030 ns  Iteration: 4  Process: /mips_unicycle_tb/dut/inst_Datapath/inst_SIMD_core/inst_Alu_core/inst_Alu_2/line__87  File: F:/Xilinx/Projects/S4_APP3/S4_APP3/mips32_unicycle_reference.srcs/sources_1/imports/alu.vhd
Warning: NUMERIC_STD."=": metavalue detected, returning FALSE
Time: 3030 ns  Iteration: 4  Process: /mips_unicycle_tb/dut/inst_Datapath/inst_SIMD_core/inst_Alu_core/inst_Alu_3/line__87  File: F:/Xilinx/Projects/S4_APP3/S4_APP3/mips32_unicycle_reference.srcs/sources_1/imports/alu.vhd
Warning: NUMERIC_STD."=": metavalue detected, returning FALSE
Time: 3030 ns  Iteration: 4  Process: /mips_unicycle_tb/dut/inst_Datapath/inst_SIMD_core/inst_Alu_core/inst_Alu_4/line__87  File: F:/Xilinx/Projects/S4_APP3/S4_APP3/mips32_unicycle_reference.srcs/sources_1/imports/alu.vhd
Warning: NUMERIC_STD."=": metavalue detected, returning FALSE
Time: 3150 ns  Iteration: 4  Process: /mips_unicycle_tb/dut/inst_Datapath/inst_SIMD_core/inst_Alu_core/inst_Alu_1/line__87  File: F:/Xilinx/Projects/S4_APP3/S4_APP3/mips32_unicycle_reference.srcs/sources_1/imports/alu.vhd
Warning: NUMERIC_STD."=": metavalue detected, returning FALSE
Time: 3150 ns  Iteration: 4  Process: /mips_unicycle_tb/dut/inst_Datapath/inst_SIMD_core/inst_Alu_core/inst_Alu_2/line__87  File: F:/Xilinx/Projects/S4_APP3/S4_APP3/mips32_unicycle_reference.srcs/sources_1/imports/alu.vhd
Warning: NUMERIC_STD."=": metavalue detected, returning FALSE
Time: 3150 ns  Iteration: 4  Process: /mips_unicycle_tb/dut/inst_Datapath/inst_SIMD_core/inst_Alu_core/inst_Alu_3/line__87  File: F:/Xilinx/Projects/S4_APP3/S4_APP3/mips32_unicycle_reference.srcs/sources_1/imports/alu.vhd
Warning: NUMERIC_STD."=": metavalue detected, returning FALSE
Time: 3150 ns  Iteration: 4  Process: /mips_unicycle_tb/dut/inst_Datapath/inst_SIMD_core/inst_Alu_core/inst_Alu_4/line__87  File: F:/Xilinx/Projects/S4_APP3/S4_APP3/mips32_unicycle_reference.srcs/sources_1/imports/alu.vhd
Warning: NUMERIC_STD."=": metavalue detected, returning FALSE
Time: 3270 ns  Iteration: 4  Process: /mips_unicycle_tb/dut/inst_Datapath/inst_SIMD_core/inst_Alu_core/inst_Alu_1/line__87  File: F:/Xilinx/Projects/S4_APP3/S4_APP3/mips32_unicycle_reference.srcs/sources_1/imports/alu.vhd
Warning: NUMERIC_STD."=": metavalue detected, returning FALSE
Time: 3270 ns  Iteration: 4  Process: /mips_unicycle_tb/dut/inst_Datapath/inst_SIMD_core/inst_Alu_core/inst_Alu_2/line__87  File: F:/Xilinx/Projects/S4_APP3/S4_APP3/mips32_unicycle_reference.srcs/sources_1/imports/alu.vhd
Warning: NUMERIC_STD."=": metavalue detected, returning FALSE
Time: 3270 ns  Iteration: 4  Process: /mips_unicycle_tb/dut/inst_Datapath/inst_SIMD_core/inst_Alu_core/inst_Alu_3/line__87  File: F:/Xilinx/Projects/S4_APP3/S4_APP3/mips32_unicycle_reference.srcs/sources_1/imports/alu.vhd
Warning: NUMERIC_STD."=": metavalue detected, returning FALSE
Time: 3270 ns  Iteration: 4  Process: /mips_unicycle_tb/dut/inst_Datapath/inst_SIMD_core/inst_Alu_core/inst_Alu_4/line__87  File: F:/Xilinx/Projects/S4_APP3/S4_APP3/mips32_unicycle_reference.srcs/sources_1/imports/alu.vhd
Warning: NUMERIC_STD."=": metavalue detected, returning FALSE
Time: 3390 ns  Iteration: 4  Process: /mips_unicycle_tb/dut/inst_Datapath/inst_SIMD_core/inst_Alu_core/inst_Alu_1/line__87  File: F:/Xilinx/Projects/S4_APP3/S4_APP3/mips32_unicycle_reference.srcs/sources_1/imports/alu.vhd
Warning: NUMERIC_STD."=": metavalue detected, returning FALSE
Time: 3390 ns  Iteration: 4  Process: /mips_unicycle_tb/dut/inst_Datapath/inst_SIMD_core/inst_Alu_core/inst_Alu_2/line__87  File: F:/Xilinx/Projects/S4_APP3/S4_APP3/mips32_unicycle_reference.srcs/sources_1/imports/alu.vhd
Warning: NUMERIC_STD."=": metavalue detected, returning FALSE
Time: 3390 ns  Iteration: 4  Process: /mips_unicycle_tb/dut/inst_Datapath/inst_SIMD_core/inst_Alu_core/inst_Alu_3/line__87  File: F:/Xilinx/Projects/S4_APP3/S4_APP3/mips32_unicycle_reference.srcs/sources_1/imports/alu.vhd
Warning: NUMERIC_STD."=": metavalue detected, returning FALSE
Time: 3390 ns  Iteration: 4  Process: /mips_unicycle_tb/dut/inst_Datapath/inst_SIMD_core/inst_Alu_core/inst_Alu_4/line__87  File: F:/Xilinx/Projects/S4_APP3/S4_APP3/mips32_unicycle_reference.srcs/sources_1/imports/alu.vhd
Warning: NUMERIC_STD."=": metavalue detected, returning FALSE
Time: 3510 ns  Iteration: 4  Process: /mips_unicycle_tb/dut/inst_Datapath/inst_SIMD_core/inst_Alu_core/inst_Alu_1/line__87  File: F:/Xilinx/Projects/S4_APP3/S4_APP3/mips32_unicycle_reference.srcs/sources_1/imports/alu.vhd
Warning: NUMERIC_STD."=": metavalue detected, returning FALSE
Time: 3510 ns  Iteration: 4  Process: /mips_unicycle_tb/dut/inst_Datapath/inst_SIMD_core/inst_Alu_core/inst_Alu_2/line__87  File: F:/Xilinx/Projects/S4_APP3/S4_APP3/mips32_unicycle_reference.srcs/sources_1/imports/alu.vhd
Warning: NUMERIC_STD."=": metavalue detected, returning FALSE
Time: 3510 ns  Iteration: 4  Process: /mips_unicycle_tb/dut/inst_Datapath/inst_SIMD_core/inst_Alu_core/inst_Alu_3/line__87  File: F:/Xilinx/Projects/S4_APP3/S4_APP3/mips32_unicycle_reference.srcs/sources_1/imports/alu.vhd
Warning: NUMERIC_STD."=": metavalue detected, returning FALSE
Time: 3510 ns  Iteration: 4  Process: /mips_unicycle_tb/dut/inst_Datapath/inst_SIMD_core/inst_Alu_core/inst_Alu_4/line__87  File: F:/Xilinx/Projects/S4_APP3/S4_APP3/mips32_unicycle_reference.srcs/sources_1/imports/alu.vhd
Warning: NUMERIC_STD."=": metavalue detected, returning FALSE
Time: 3630 ns  Iteration: 4  Process: /mips_unicycle_tb/dut/inst_Datapath/inst_SIMD_core/inst_Alu_core/inst_Alu_1/line__87  File: F:/Xilinx/Projects/S4_APP3/S4_APP3/mips32_unicycle_reference.srcs/sources_1/imports/alu.vhd
Warning: NUMERIC_STD."=": metavalue detected, returning FALSE
Time: 3630 ns  Iteration: 4  Process: /mips_unicycle_tb/dut/inst_Datapath/inst_SIMD_core/inst_Alu_core/inst_Alu_2/line__87  File: F:/Xilinx/Projects/S4_APP3/S4_APP3/mips32_unicycle_reference.srcs/sources_1/imports/alu.vhd
Warning: NUMERIC_STD."=": metavalue detected, returning FALSE
Time: 3630 ns  Iteration: 4  Process: /mips_unicycle_tb/dut/inst_Datapath/inst_SIMD_core/inst_Alu_core/inst_Alu_3/line__87  File: F:/Xilinx/Projects/S4_APP3/S4_APP3/mips32_unicycle_reference.srcs/sources_1/imports/alu.vhd
Warning: NUMERIC_STD."=": metavalue detected, returning FALSE
Time: 3630 ns  Iteration: 4  Process: /mips_unicycle_tb/dut/inst_Datapath/inst_SIMD_core/inst_Alu_core/inst_Alu_4/line__87  File: F:/Xilinx/Projects/S4_APP3/S4_APP3/mips32_unicycle_reference.srcs/sources_1/imports/alu.vhd
Warning: NUMERIC_STD."=": metavalue detected, returning FALSE
Time: 3750 ns  Iteration: 4  Process: /mips_unicycle_tb/dut/inst_Datapath/inst_SIMD_core/inst_Alu_core/inst_Alu_1/line__87  File: F:/Xilinx/Projects/S4_APP3/S4_APP3/mips32_unicycle_reference.srcs/sources_1/imports/alu.vhd
Warning: NUMERIC_STD."=": metavalue detected, returning FALSE
Time: 3750 ns  Iteration: 4  Process: /mips_unicycle_tb/dut/inst_Datapath/inst_SIMD_core/inst_Alu_core/inst_Alu_2/line__87  File: F:/Xilinx/Projects/S4_APP3/S4_APP3/mips32_unicycle_reference.srcs/sources_1/imports/alu.vhd
Warning: NUMERIC_STD."=": metavalue detected, returning FALSE
Time: 3750 ns  Iteration: 4  Process: /mips_unicycle_tb/dut/inst_Datapath/inst_SIMD_core/inst_Alu_core/inst_Alu_3/line__87  File: F:/Xilinx/Projects/S4_APP3/S4_APP3/mips32_unicycle_reference.srcs/sources_1/imports/alu.vhd
Warning: NUMERIC_STD."=": metavalue detected, returning FALSE
Time: 3750 ns  Iteration: 4  Process: /mips_unicycle_tb/dut/inst_Datapath/inst_SIMD_core/inst_Alu_core/inst_Alu_4/line__87  File: F:/Xilinx/Projects/S4_APP3/S4_APP3/mips32_unicycle_reference.srcs/sources_1/imports/alu.vhd
Warning: NUMERIC_STD."=": metavalue detected, returning FALSE
Time: 3870 ns  Iteration: 4  Process: /mips_unicycle_tb/dut/inst_Datapath/inst_SIMD_core/inst_Alu_core/inst_Alu_1/line__87  File: F:/Xilinx/Projects/S4_APP3/S4_APP3/mips32_unicycle_reference.srcs/sources_1/imports/alu.vhd
Warning: NUMERIC_STD."=": metavalue detected, returning FALSE
Time: 3870 ns  Iteration: 4  Process: /mips_unicycle_tb/dut/inst_Datapath/inst_SIMD_core/inst_Alu_core/inst_Alu_2/line__87  File: F:/Xilinx/Projects/S4_APP3/S4_APP3/mips32_unicycle_reference.srcs/sources_1/imports/alu.vhd
Warning: NUMERIC_STD."=": metavalue detected, returning FALSE
Time: 3870 ns  Iteration: 4  Process: /mips_unicycle_tb/dut/inst_Datapath/inst_SIMD_core/inst_Alu_core/inst_Alu_3/line__87  File: F:/Xilinx/Projects/S4_APP3/S4_APP3/mips32_unicycle_reference.srcs/sources_1/imports/alu.vhd
Warning: NUMERIC_STD."=": metavalue detected, returning FALSE
Time: 3870 ns  Iteration: 4  Process: /mips_unicycle_tb/dut/inst_Datapath/inst_SIMD_core/inst_Alu_core/inst_Alu_4/line__87  File: F:/Xilinx/Projects/S4_APP3/S4_APP3/mips32_unicycle_reference.srcs/sources_1/imports/alu.vhd
Warning: NUMERIC_STD."=": metavalue detected, returning FALSE
Time: 3990 ns  Iteration: 4  Process: /mips_unicycle_tb/dut/inst_Datapath/inst_SIMD_core/inst_Alu_core/inst_Alu_1/line__87  File: F:/Xilinx/Projects/S4_APP3/S4_APP3/mips32_unicycle_reference.srcs/sources_1/imports/alu.vhd
Warning: NUMERIC_STD."=": metavalue detected, returning FALSE
Time: 3990 ns  Iteration: 4  Process: /mips_unicycle_tb/dut/inst_Datapath/inst_SIMD_core/inst_Alu_core/inst_Alu_2/line__87  File: F:/Xilinx/Projects/S4_APP3/S4_APP3/mips32_unicycle_reference.srcs/sources_1/imports/alu.vhd
Warning: NUMERIC_STD."=": metavalue detected, returning FALSE
Time: 3990 ns  Iteration: 4  Process: /mips_unicycle_tb/dut/inst_Datapath/inst_SIMD_core/inst_Alu_core/inst_Alu_3/line__87  File: F:/Xilinx/Projects/S4_APP3/S4_APP3/mips32_unicycle_reference.srcs/sources_1/imports/alu.vhd
Warning: NUMERIC_STD."=": metavalue detected, returning FALSE
Time: 3990 ns  Iteration: 4  Process: /mips_unicycle_tb/dut/inst_Datapath/inst_SIMD_core/inst_Alu_core/inst_Alu_4/line__87  File: F:/Xilinx/Projects/S4_APP3/S4_APP3/mips32_unicycle_reference.srcs/sources_1/imports/alu.vhd
Warning: NUMERIC_STD."=": metavalue detected, returning FALSE
Time: 4110 ns  Iteration: 4  Process: /mips_unicycle_tb/dut/inst_Datapath/inst_SIMD_core/inst_Alu_core/inst_Alu_1/line__87  File: F:/Xilinx/Projects/S4_APP3/S4_APP3/mips32_unicycle_reference.srcs/sources_1/imports/alu.vhd
Warning: NUMERIC_STD."=": metavalue detected, returning FALSE
Time: 4110 ns  Iteration: 4  Process: /mips_unicycle_tb/dut/inst_Datapath/inst_SIMD_core/inst_Alu_core/inst_Alu_2/line__87  File: F:/Xilinx/Projects/S4_APP3/S4_APP3/mips32_unicycle_reference.srcs/sources_1/imports/alu.vhd
Warning: NUMERIC_STD."=": metavalue detected, returning FALSE
Time: 4110 ns  Iteration: 4  Process: /mips_unicycle_tb/dut/inst_Datapath/inst_SIMD_core/inst_Alu_core/inst_Alu_3/line__87  File: F:/Xilinx/Projects/S4_APP3/S4_APP3/mips32_unicycle_reference.srcs/sources_1/imports/alu.vhd
Warning: NUMERIC_STD."=": metavalue detected, returning FALSE
Time: 4110 ns  Iteration: 4  Process: /mips_unicycle_tb/dut/inst_Datapath/inst_SIMD_core/inst_Alu_core/inst_Alu_4/line__87  File: F:/Xilinx/Projects/S4_APP3/S4_APP3/mips32_unicycle_reference.srcs/sources_1/imports/alu.vhd
Warning: NUMERIC_STD."=": metavalue detected, returning FALSE
Time: 4230 ns  Iteration: 4  Process: /mips_unicycle_tb/dut/inst_Datapath/inst_SIMD_core/inst_Alu_core/inst_Alu_1/line__87  File: F:/Xilinx/Projects/S4_APP3/S4_APP3/mips32_unicycle_reference.srcs/sources_1/imports/alu.vhd
Warning: NUMERIC_STD."=": metavalue detected, returning FALSE
Time: 4230 ns  Iteration: 4  Process: /mips_unicycle_tb/dut/inst_Datapath/inst_SIMD_core/inst_Alu_core/inst_Alu_2/line__87  File: F:/Xilinx/Projects/S4_APP3/S4_APP3/mips32_unicycle_reference.srcs/sources_1/imports/alu.vhd
Warning: NUMERIC_STD."=": metavalue detected, returning FALSE
Time: 4230 ns  Iteration: 4  Process: /mips_unicycle_tb/dut/inst_Datapath/inst_SIMD_core/inst_Alu_core/inst_Alu_3/line__87  File: F:/Xilinx/Projects/S4_APP3/S4_APP3/mips32_unicycle_reference.srcs/sources_1/imports/alu.vhd
Warning: NUMERIC_STD."=": metavalue detected, returning FALSE
Time: 4230 ns  Iteration: 4  Process: /mips_unicycle_tb/dut/inst_Datapath/inst_SIMD_core/inst_Alu_core/inst_Alu_4/line__87  File: F:/Xilinx/Projects/S4_APP3/S4_APP3/mips32_unicycle_reference.srcs/sources_1/imports/alu.vhd
Warning: NUMERIC_STD."=": metavalue detected, returning FALSE
Time: 4350 ns  Iteration: 4  Process: /mips_unicycle_tb/dut/inst_Datapath/inst_SIMD_core/inst_Alu_core/inst_Alu_1/line__87  File: F:/Xilinx/Projects/S4_APP3/S4_APP3/mips32_unicycle_reference.srcs/sources_1/imports/alu.vhd
Warning: NUMERIC_STD."=": metavalue detected, returning FALSE
Time: 4350 ns  Iteration: 4  Process: /mips_unicycle_tb/dut/inst_Datapath/inst_SIMD_core/inst_Alu_core/inst_Alu_2/line__87  File: F:/Xilinx/Projects/S4_APP3/S4_APP3/mips32_unicycle_reference.srcs/sources_1/imports/alu.vhd
Warning: NUMERIC_STD."=": metavalue detected, returning FALSE
Time: 4350 ns  Iteration: 4  Process: /mips_unicycle_tb/dut/inst_Datapath/inst_SIMD_core/inst_Alu_core/inst_Alu_3/line__87  File: F:/Xilinx/Projects/S4_APP3/S4_APP3/mips32_unicycle_reference.srcs/sources_1/imports/alu.vhd
Warning: NUMERIC_STD."=": metavalue detected, returning FALSE
Time: 4350 ns  Iteration: 4  Process: /mips_unicycle_tb/dut/inst_Datapath/inst_SIMD_core/inst_Alu_core/inst_Alu_4/line__87  File: F:/Xilinx/Projects/S4_APP3/S4_APP3/mips32_unicycle_reference.srcs/sources_1/imports/alu.vhd
Warning: NUMERIC_STD."=": metavalue detected, returning FALSE
Time: 4470 ns  Iteration: 4  Process: /mips_unicycle_tb/dut/inst_Datapath/inst_SIMD_core/inst_Alu_core/inst_Alu_1/line__87  File: F:/Xilinx/Projects/S4_APP3/S4_APP3/mips32_unicycle_reference.srcs/sources_1/imports/alu.vhd
Warning: NUMERIC_STD."=": metavalue detected, returning FALSE
Time: 4470 ns  Iteration: 4  Process: /mips_unicycle_tb/dut/inst_Datapath/inst_SIMD_core/inst_Alu_core/inst_Alu_2/line__87  File: F:/Xilinx/Projects/S4_APP3/S4_APP3/mips32_unicycle_reference.srcs/sources_1/imports/alu.vhd
Warning: NUMERIC_STD."=": metavalue detected, returning FALSE
Time: 4470 ns  Iteration: 4  Process: /mips_unicycle_tb/dut/inst_Datapath/inst_SIMD_core/inst_Alu_core/inst_Alu_3/line__87  File: F:/Xilinx/Projects/S4_APP3/S4_APP3/mips32_unicycle_reference.srcs/sources_1/imports/alu.vhd
Warning: NUMERIC_STD."=": metavalue detected, returning FALSE
Time: 4470 ns  Iteration: 4  Process: /mips_unicycle_tb/dut/inst_Datapath/inst_SIMD_core/inst_Alu_core/inst_Alu_4/line__87  File: F:/Xilinx/Projects/S4_APP3/S4_APP3/mips32_unicycle_reference.srcs/sources_1/imports/alu.vhd
Warning: NUMERIC_STD."=": metavalue detected, returning FALSE
Time: 4590 ns  Iteration: 4  Process: /mips_unicycle_tb/dut/inst_Datapath/inst_SIMD_core/inst_Alu_core/inst_Alu_1/line__87  File: F:/Xilinx/Projects/S4_APP3/S4_APP3/mips32_unicycle_reference.srcs/sources_1/imports/alu.vhd
Warning: NUMERIC_STD."=": metavalue detected, returning FALSE
Time: 4590 ns  Iteration: 4  Process: /mips_unicycle_tb/dut/inst_Datapath/inst_SIMD_core/inst_Alu_core/inst_Alu_2/line__87  File: F:/Xilinx/Projects/S4_APP3/S4_APP3/mips32_unicycle_reference.srcs/sources_1/imports/alu.vhd
Warning: NUMERIC_STD."=": metavalue detected, returning FALSE
Time: 4590 ns  Iteration: 4  Process: /mips_unicycle_tb/dut/inst_Datapath/inst_SIMD_core/inst_Alu_core/inst_Alu_3/line__87  File: F:/Xilinx/Projects/S4_APP3/S4_APP3/mips32_unicycle_reference.srcs/sources_1/imports/alu.vhd
Warning: NUMERIC_STD."=": metavalue detected, returning FALSE
Time: 4590 ns  Iteration: 4  Process: /mips_unicycle_tb/dut/inst_Datapath/inst_SIMD_core/inst_Alu_core/inst_Alu_4/line__87  File: F:/Xilinx/Projects/S4_APP3/S4_APP3/mips32_unicycle_reference.srcs/sources_1/imports/alu.vhd
Warning: NUMERIC_STD."=": metavalue detected, returning FALSE
Time: 4710 ns  Iteration: 4  Process: /mips_unicycle_tb/dut/inst_Datapath/inst_SIMD_core/inst_Alu_core/inst_Alu_1/line__87  File: F:/Xilinx/Projects/S4_APP3/S4_APP3/mips32_unicycle_reference.srcs/sources_1/imports/alu.vhd
Warning: NUMERIC_STD."=": metavalue detected, returning FALSE
Time: 4710 ns  Iteration: 4  Process: /mips_unicycle_tb/dut/inst_Datapath/inst_SIMD_core/inst_Alu_core/inst_Alu_2/line__87  File: F:/Xilinx/Projects/S4_APP3/S4_APP3/mips32_unicycle_reference.srcs/sources_1/imports/alu.vhd
Warning: NUMERIC_STD."=": metavalue detected, returning FALSE
Time: 4710 ns  Iteration: 4  Process: /mips_unicycle_tb/dut/inst_Datapath/inst_SIMD_core/inst_Alu_core/inst_Alu_3/line__87  File: F:/Xilinx/Projects/S4_APP3/S4_APP3/mips32_unicycle_reference.srcs/sources_1/imports/alu.vhd
Warning: NUMERIC_STD."=": metavalue detected, returning FALSE
Time: 4710 ns  Iteration: 4  Process: /mips_unicycle_tb/dut/inst_Datapath/inst_SIMD_core/inst_Alu_core/inst_Alu_4/line__87  File: F:/Xilinx/Projects/S4_APP3/S4_APP3/mips32_unicycle_reference.srcs/sources_1/imports/alu.vhd
Warning: NUMERIC_STD."=": metavalue detected, returning FALSE
Time: 4830 ns  Iteration: 4  Process: /mips_unicycle_tb/dut/inst_Datapath/inst_SIMD_core/inst_Alu_core/inst_Alu_1/line__87  File: F:/Xilinx/Projects/S4_APP3/S4_APP3/mips32_unicycle_reference.srcs/sources_1/imports/alu.vhd
Warning: NUMERIC_STD."=": metavalue detected, returning FALSE
Time: 4830 ns  Iteration: 4  Process: /mips_unicycle_tb/dut/inst_Datapath/inst_SIMD_core/inst_Alu_core/inst_Alu_2/line__87  File: F:/Xilinx/Projects/S4_APP3/S4_APP3/mips32_unicycle_reference.srcs/sources_1/imports/alu.vhd
Warning: NUMERIC_STD."=": metavalue detected, returning FALSE
Time: 4830 ns  Iteration: 4  Process: /mips_unicycle_tb/dut/inst_Datapath/inst_SIMD_core/inst_Alu_core/inst_Alu_3/line__87  File: F:/Xilinx/Projects/S4_APP3/S4_APP3/mips32_unicycle_reference.srcs/sources_1/imports/alu.vhd
Warning: NUMERIC_STD."=": metavalue detected, returning FALSE
Time: 4830 ns  Iteration: 4  Process: /mips_unicycle_tb/dut/inst_Datapath/inst_SIMD_core/inst_Alu_core/inst_Alu_4/line__87  File: F:/Xilinx/Projects/S4_APP3/S4_APP3/mips32_unicycle_reference.srcs/sources_1/imports/alu.vhd
Warning: NUMERIC_STD."=": metavalue detected, returning FALSE
Time: 4950 ns  Iteration: 4  Process: /mips_unicycle_tb/dut/inst_Datapath/inst_SIMD_core/inst_Alu_core/inst_Alu_1/line__87  File: F:/Xilinx/Projects/S4_APP3/S4_APP3/mips32_unicycle_reference.srcs/sources_1/imports/alu.vhd
Warning: NUMERIC_STD."=": metavalue detected, returning FALSE
Time: 4950 ns  Iteration: 4  Process: /mips_unicycle_tb/dut/inst_Datapath/inst_SIMD_core/inst_Alu_core/inst_Alu_2/line__87  File: F:/Xilinx/Projects/S4_APP3/S4_APP3/mips32_unicycle_reference.srcs/sources_1/imports/alu.vhd
Warning: NUMERIC_STD."=": metavalue detected, returning FALSE
Time: 4950 ns  Iteration: 4  Process: /mips_unicycle_tb/dut/inst_Datapath/inst_SIMD_core/inst_Alu_core/inst_Alu_3/line__87  File: F:/Xilinx/Projects/S4_APP3/S4_APP3/mips32_unicycle_reference.srcs/sources_1/imports/alu.vhd
Warning: NUMERIC_STD."=": metavalue detected, returning FALSE
Time: 4950 ns  Iteration: 4  Process: /mips_unicycle_tb/dut/inst_Datapath/inst_SIMD_core/inst_Alu_core/inst_Alu_4/line__87  File: F:/Xilinx/Projects/S4_APP3/S4_APP3/mips32_unicycle_reference.srcs/sources_1/imports/alu.vhd
Warning: NUMERIC_STD."=": metavalue detected, returning FALSE
Time: 5070 ns  Iteration: 4  Process: /mips_unicycle_tb/dut/inst_Datapath/inst_SIMD_core/inst_Alu_core/inst_Alu_1/line__87  File: F:/Xilinx/Projects/S4_APP3/S4_APP3/mips32_unicycle_reference.srcs/sources_1/imports/alu.vhd
Warning: NUMERIC_STD."=": metavalue detected, returning FALSE
Time: 5070 ns  Iteration: 4  Process: /mips_unicycle_tb/dut/inst_Datapath/inst_SIMD_core/inst_Alu_core/inst_Alu_2/line__87  File: F:/Xilinx/Projects/S4_APP3/S4_APP3/mips32_unicycle_reference.srcs/sources_1/imports/alu.vhd
Warning: NUMERIC_STD."=": metavalue detected, returning FALSE
Time: 5070 ns  Iteration: 4  Process: /mips_unicycle_tb/dut/inst_Datapath/inst_SIMD_core/inst_Alu_core/inst_Alu_3/line__87  File: F:/Xilinx/Projects/S4_APP3/S4_APP3/mips32_unicycle_reference.srcs/sources_1/imports/alu.vhd
Warning: NUMERIC_STD."=": metavalue detected, returning FALSE
Time: 5070 ns  Iteration: 4  Process: /mips_unicycle_tb/dut/inst_Datapath/inst_SIMD_core/inst_Alu_core/inst_Alu_4/line__87  File: F:/Xilinx/Projects/S4_APP3/S4_APP3/mips32_unicycle_reference.srcs/sources_1/imports/alu.vhd
Warning: NUMERIC_STD."=": metavalue detected, returning FALSE
Time: 5190 ns  Iteration: 4  Process: /mips_unicycle_tb/dut/inst_Datapath/inst_SIMD_core/inst_Alu_core/inst_Alu_1/line__87  File: F:/Xilinx/Projects/S4_APP3/S4_APP3/mips32_unicycle_reference.srcs/sources_1/imports/alu.vhd
Warning: NUMERIC_STD."=": metavalue detected, returning FALSE
Time: 5190 ns  Iteration: 4  Process: /mips_unicycle_tb/dut/inst_Datapath/inst_SIMD_core/inst_Alu_core/inst_Alu_2/line__87  File: F:/Xilinx/Projects/S4_APP3/S4_APP3/mips32_unicycle_reference.srcs/sources_1/imports/alu.vhd
Warning: NUMERIC_STD."=": metavalue detected, returning FALSE
Time: 5190 ns  Iteration: 4  Process: /mips_unicycle_tb/dut/inst_Datapath/inst_SIMD_core/inst_Alu_core/inst_Alu_3/line__87  File: F:/Xilinx/Projects/S4_APP3/S4_APP3/mips32_unicycle_reference.srcs/sources_1/imports/alu.vhd
Warning: NUMERIC_STD."=": metavalue detected, returning FALSE
Time: 5190 ns  Iteration: 4  Process: /mips_unicycle_tb/dut/inst_Datapath/inst_SIMD_core/inst_Alu_core/inst_Alu_4/line__87  File: F:/Xilinx/Projects/S4_APP3/S4_APP3/mips32_unicycle_reference.srcs/sources_1/imports/alu.vhd
Warning: NUMERIC_STD."=": metavalue detected, returning FALSE
Time: 5310 ns  Iteration: 4  Process: /mips_unicycle_tb/dut/inst_Datapath/inst_SIMD_core/inst_Alu_core/inst_Alu_1/line__87  File: F:/Xilinx/Projects/S4_APP3/S4_APP3/mips32_unicycle_reference.srcs/sources_1/imports/alu.vhd
Warning: NUMERIC_STD."=": metavalue detected, returning FALSE
Time: 5310 ns  Iteration: 4  Process: /mips_unicycle_tb/dut/inst_Datapath/inst_SIMD_core/inst_Alu_core/inst_Alu_2/line__87  File: F:/Xilinx/Projects/S4_APP3/S4_APP3/mips32_unicycle_reference.srcs/sources_1/imports/alu.vhd
Warning: NUMERIC_STD."=": metavalue detected, returning FALSE
Time: 5310 ns  Iteration: 4  Process: /mips_unicycle_tb/dut/inst_Datapath/inst_SIMD_core/inst_Alu_core/inst_Alu_3/line__87  File: F:/Xilinx/Projects/S4_APP3/S4_APP3/mips32_unicycle_reference.srcs/sources_1/imports/alu.vhd
Warning: NUMERIC_STD."=": metavalue detected, returning FALSE
Time: 5310 ns  Iteration: 4  Process: /mips_unicycle_tb/dut/inst_Datapath/inst_SIMD_core/inst_Alu_core/inst_Alu_4/line__87  File: F:/Xilinx/Projects/S4_APP3/S4_APP3/mips32_unicycle_reference.srcs/sources_1/imports/alu.vhd
Warning: NUMERIC_STD."=": metavalue detected, returning FALSE
Time: 5430 ns  Iteration: 4  Process: /mips_unicycle_tb/dut/inst_Datapath/inst_SIMD_core/inst_Alu_core/inst_Alu_1/line__87  File: F:/Xilinx/Projects/S4_APP3/S4_APP3/mips32_unicycle_reference.srcs/sources_1/imports/alu.vhd
Warning: NUMERIC_STD."=": metavalue detected, returning FALSE
Time: 5430 ns  Iteration: 4  Process: /mips_unicycle_tb/dut/inst_Datapath/inst_SIMD_core/inst_Alu_core/inst_Alu_2/line__87  File: F:/Xilinx/Projects/S4_APP3/S4_APP3/mips32_unicycle_reference.srcs/sources_1/imports/alu.vhd
Warning: NUMERIC_STD."=": metavalue detected, returning FALSE
Time: 5430 ns  Iteration: 4  Process: /mips_unicycle_tb/dut/inst_Datapath/inst_SIMD_core/inst_Alu_core/inst_Alu_3/line__87  File: F:/Xilinx/Projects/S4_APP3/S4_APP3/mips32_unicycle_reference.srcs/sources_1/imports/alu.vhd
Warning: NUMERIC_STD."=": metavalue detected, returning FALSE
Time: 5430 ns  Iteration: 4  Process: /mips_unicycle_tb/dut/inst_Datapath/inst_SIMD_core/inst_Alu_core/inst_Alu_4/line__87  File: F:/Xilinx/Projects/S4_APP3/S4_APP3/mips32_unicycle_reference.srcs/sources_1/imports/alu.vhd
Warning: NUMERIC_STD."=": metavalue detected, returning FALSE
Time: 5550 ns  Iteration: 4  Process: /mips_unicycle_tb/dut/inst_Datapath/inst_SIMD_core/inst_Alu_core/inst_Alu_1/line__87  File: F:/Xilinx/Projects/S4_APP3/S4_APP3/mips32_unicycle_reference.srcs/sources_1/imports/alu.vhd
Warning: NUMERIC_STD."=": metavalue detected, returning FALSE
Time: 5550 ns  Iteration: 4  Process: /mips_unicycle_tb/dut/inst_Datapath/inst_SIMD_core/inst_Alu_core/inst_Alu_2/line__87  File: F:/Xilinx/Projects/S4_APP3/S4_APP3/mips32_unicycle_reference.srcs/sources_1/imports/alu.vhd
Warning: NUMERIC_STD."=": metavalue detected, returning FALSE
Time: 5550 ns  Iteration: 4  Process: /mips_unicycle_tb/dut/inst_Datapath/inst_SIMD_core/inst_Alu_core/inst_Alu_3/line__87  File: F:/Xilinx/Projects/S4_APP3/S4_APP3/mips32_unicycle_reference.srcs/sources_1/imports/alu.vhd
Warning: NUMERIC_STD."=": metavalue detected, returning FALSE
Time: 5550 ns  Iteration: 4  Process: /mips_unicycle_tb/dut/inst_Datapath/inst_SIMD_core/inst_Alu_core/inst_Alu_4/line__87  File: F:/Xilinx/Projects/S4_APP3/S4_APP3/mips32_unicycle_reference.srcs/sources_1/imports/alu.vhd
Warning: NUMERIC_STD."=": metavalue detected, returning FALSE
Time: 5670 ns  Iteration: 4  Process: /mips_unicycle_tb/dut/inst_Datapath/inst_SIMD_core/inst_Alu_core/inst_Alu_1/line__87  File: F:/Xilinx/Projects/S4_APP3/S4_APP3/mips32_unicycle_reference.srcs/sources_1/imports/alu.vhd
Warning: NUMERIC_STD."=": metavalue detected, returning FALSE
Time: 5670 ns  Iteration: 4  Process: /mips_unicycle_tb/dut/inst_Datapath/inst_SIMD_core/inst_Alu_core/inst_Alu_2/line__87  File: F:/Xilinx/Projects/S4_APP3/S4_APP3/mips32_unicycle_reference.srcs/sources_1/imports/alu.vhd
Warning: NUMERIC_STD."=": metavalue detected, returning FALSE
Time: 5670 ns  Iteration: 4  Process: /mips_unicycle_tb/dut/inst_Datapath/inst_SIMD_core/inst_Alu_core/inst_Alu_3/line__87  File: F:/Xilinx/Projects/S4_APP3/S4_APP3/mips32_unicycle_reference.srcs/sources_1/imports/alu.vhd
Warning: NUMERIC_STD."=": metavalue detected, returning FALSE
Time: 5670 ns  Iteration: 4  Process: /mips_unicycle_tb/dut/inst_Datapath/inst_SIMD_core/inst_Alu_core/inst_Alu_4/line__87  File: F:/Xilinx/Projects/S4_APP3/S4_APP3/mips32_unicycle_reference.srcs/sources_1/imports/alu.vhd
Warning: NUMERIC_STD."=": metavalue detected, returning FALSE
Time: 5790 ns  Iteration: 4  Process: /mips_unicycle_tb/dut/inst_Datapath/inst_SIMD_core/inst_Alu_core/inst_Alu_1/line__87  File: F:/Xilinx/Projects/S4_APP3/S4_APP3/mips32_unicycle_reference.srcs/sources_1/imports/alu.vhd
Warning: NUMERIC_STD."=": metavalue detected, returning FALSE
Time: 5790 ns  Iteration: 4  Process: /mips_unicycle_tb/dut/inst_Datapath/inst_SIMD_core/inst_Alu_core/inst_Alu_2/line__87  File: F:/Xilinx/Projects/S4_APP3/S4_APP3/mips32_unicycle_reference.srcs/sources_1/imports/alu.vhd
Warning: NUMERIC_STD."=": metavalue detected, returning FALSE
Time: 5790 ns  Iteration: 4  Process: /mips_unicycle_tb/dut/inst_Datapath/inst_SIMD_core/inst_Alu_core/inst_Alu_3/line__87  File: F:/Xilinx/Projects/S4_APP3/S4_APP3/mips32_unicycle_reference.srcs/sources_1/imports/alu.vhd
Warning: NUMERIC_STD."=": metavalue detected, returning FALSE
Time: 5790 ns  Iteration: 4  Process: /mips_unicycle_tb/dut/inst_Datapath/inst_SIMD_core/inst_Alu_core/inst_Alu_4/line__87  File: F:/Xilinx/Projects/S4_APP3/S4_APP3/mips32_unicycle_reference.srcs/sources_1/imports/alu.vhd
Warning: NUMERIC_STD."=": metavalue detected, returning FALSE
Time: 5910 ns  Iteration: 4  Process: /mips_unicycle_tb/dut/inst_Datapath/inst_SIMD_core/inst_Alu_core/inst_Alu_1/line__87  File: F:/Xilinx/Projects/S4_APP3/S4_APP3/mips32_unicycle_reference.srcs/sources_1/imports/alu.vhd
Warning: NUMERIC_STD."=": metavalue detected, returning FALSE
Time: 5910 ns  Iteration: 4  Process: /mips_unicycle_tb/dut/inst_Datapath/inst_SIMD_core/inst_Alu_core/inst_Alu_2/line__87  File: F:/Xilinx/Projects/S4_APP3/S4_APP3/mips32_unicycle_reference.srcs/sources_1/imports/alu.vhd
Warning: NUMERIC_STD."=": metavalue detected, returning FALSE
Time: 5910 ns  Iteration: 4  Process: /mips_unicycle_tb/dut/inst_Datapath/inst_SIMD_core/inst_Alu_core/inst_Alu_3/line__87  File: F:/Xilinx/Projects/S4_APP3/S4_APP3/mips32_unicycle_reference.srcs/sources_1/imports/alu.vhd
Warning: NUMERIC_STD."=": metavalue detected, returning FALSE
Time: 5910 ns  Iteration: 4  Process: /mips_unicycle_tb/dut/inst_Datapath/inst_SIMD_core/inst_Alu_core/inst_Alu_4/line__87  File: F:/Xilinx/Projects/S4_APP3/S4_APP3/mips32_unicycle_reference.srcs/sources_1/imports/alu.vhd
Warning: NUMERIC_STD."=": metavalue detected, returning FALSE
Time: 6030 ns  Iteration: 4  Process: /mips_unicycle_tb/dut/inst_Datapath/inst_SIMD_core/inst_Alu_core/inst_Alu_1/line__87  File: F:/Xilinx/Projects/S4_APP3/S4_APP3/mips32_unicycle_reference.srcs/sources_1/imports/alu.vhd
Warning: NUMERIC_STD."=": metavalue detected, returning FALSE
Time: 6030 ns  Iteration: 4  Process: /mips_unicycle_tb/dut/inst_Datapath/inst_SIMD_core/inst_Alu_core/inst_Alu_2/line__87  File: F:/Xilinx/Projects/S4_APP3/S4_APP3/mips32_unicycle_reference.srcs/sources_1/imports/alu.vhd
Warning: NUMERIC_STD."=": metavalue detected, returning FALSE
Time: 6030 ns  Iteration: 4  Process: /mips_unicycle_tb/dut/inst_Datapath/inst_SIMD_core/inst_Alu_core/inst_Alu_3/line__87  File: F:/Xilinx/Projects/S4_APP3/S4_APP3/mips32_unicycle_reference.srcs/sources_1/imports/alu.vhd
Warning: NUMERIC_STD."=": metavalue detected, returning FALSE
Time: 6030 ns  Iteration: 4  Process: /mips_unicycle_tb/dut/inst_Datapath/inst_SIMD_core/inst_Alu_core/inst_Alu_4/line__87  File: F:/Xilinx/Projects/S4_APP3/S4_APP3/mips32_unicycle_reference.srcs/sources_1/imports/alu.vhd
Warning: NUMERIC_STD."=": metavalue detected, returning FALSE
Time: 6150 ns  Iteration: 4  Process: /mips_unicycle_tb/dut/inst_Datapath/inst_SIMD_core/inst_Alu_core/inst_Alu_1/line__87  File: F:/Xilinx/Projects/S4_APP3/S4_APP3/mips32_unicycle_reference.srcs/sources_1/imports/alu.vhd
Warning: NUMERIC_STD."=": metavalue detected, returning FALSE
Time: 6150 ns  Iteration: 4  Process: /mips_unicycle_tb/dut/inst_Datapath/inst_SIMD_core/inst_Alu_core/inst_Alu_2/line__87  File: F:/Xilinx/Projects/S4_APP3/S4_APP3/mips32_unicycle_reference.srcs/sources_1/imports/alu.vhd
Warning: NUMERIC_STD."=": metavalue detected, returning FALSE
Time: 6150 ns  Iteration: 4  Process: /mips_unicycle_tb/dut/inst_Datapath/inst_SIMD_core/inst_Alu_core/inst_Alu_3/line__87  File: F:/Xilinx/Projects/S4_APP3/S4_APP3/mips32_unicycle_reference.srcs/sources_1/imports/alu.vhd
Warning: NUMERIC_STD."=": metavalue detected, returning FALSE
Time: 6150 ns  Iteration: 4  Process: /mips_unicycle_tb/dut/inst_Datapath/inst_SIMD_core/inst_Alu_core/inst_Alu_4/line__87  File: F:/Xilinx/Projects/S4_APP3/S4_APP3/mips32_unicycle_reference.srcs/sources_1/imports/alu.vhd
Warning: NUMERIC_STD."=": metavalue detected, returning FALSE
Time: 6270 ns  Iteration: 4  Process: /mips_unicycle_tb/dut/inst_Datapath/inst_SIMD_core/inst_Alu_core/inst_Alu_1/line__87  File: F:/Xilinx/Projects/S4_APP3/S4_APP3/mips32_unicycle_reference.srcs/sources_1/imports/alu.vhd
Warning: NUMERIC_STD."=": metavalue detected, returning FALSE
Time: 6270 ns  Iteration: 4  Process: /mips_unicycle_tb/dut/inst_Datapath/inst_SIMD_core/inst_Alu_core/inst_Alu_2/line__87  File: F:/Xilinx/Projects/S4_APP3/S4_APP3/mips32_unicycle_reference.srcs/sources_1/imports/alu.vhd
Warning: NUMERIC_STD."=": metavalue detected, returning FALSE
Time: 6270 ns  Iteration: 4  Process: /mips_unicycle_tb/dut/inst_Datapath/inst_SIMD_core/inst_Alu_core/inst_Alu_3/line__87  File: F:/Xilinx/Projects/S4_APP3/S4_APP3/mips32_unicycle_reference.srcs/sources_1/imports/alu.vhd
Warning: NUMERIC_STD."=": metavalue detected, returning FALSE
Time: 6270 ns  Iteration: 4  Process: /mips_unicycle_tb/dut/inst_Datapath/inst_SIMD_core/inst_Alu_core/inst_Alu_4/line__87  File: F:/Xilinx/Projects/S4_APP3/S4_APP3/mips32_unicycle_reference.srcs/sources_1/imports/alu.vhd
Warning: NUMERIC_STD."=": metavalue detected, returning FALSE
Time: 6390 ns  Iteration: 4  Process: /mips_unicycle_tb/dut/inst_Datapath/inst_SIMD_core/inst_Alu_core/inst_Alu_1/line__87  File: F:/Xilinx/Projects/S4_APP3/S4_APP3/mips32_unicycle_reference.srcs/sources_1/imports/alu.vhd
Warning: NUMERIC_STD."=": metavalue detected, returning FALSE
Time: 6390 ns  Iteration: 4  Process: /mips_unicycle_tb/dut/inst_Datapath/inst_SIMD_core/inst_Alu_core/inst_Alu_2/line__87  File: F:/Xilinx/Projects/S4_APP3/S4_APP3/mips32_unicycle_reference.srcs/sources_1/imports/alu.vhd
Warning: NUMERIC_STD."=": metavalue detected, returning FALSE
Time: 6390 ns  Iteration: 4  Process: /mips_unicycle_tb/dut/inst_Datapath/inst_SIMD_core/inst_Alu_core/inst_Alu_3/line__87  File: F:/Xilinx/Projects/S4_APP3/S4_APP3/mips32_unicycle_reference.srcs/sources_1/imports/alu.vhd
Warning: NUMERIC_STD."=": metavalue detected, returning FALSE
Time: 6390 ns  Iteration: 4  Process: /mips_unicycle_tb/dut/inst_Datapath/inst_SIMD_core/inst_Alu_core/inst_Alu_4/line__87  File: F:/Xilinx/Projects/S4_APP3/S4_APP3/mips32_unicycle_reference.srcs/sources_1/imports/alu.vhd
Warning: NUMERIC_STD."=": metavalue detected, returning FALSE
Time: 6510 ns  Iteration: 4  Process: /mips_unicycle_tb/dut/inst_Datapath/inst_SIMD_core/inst_Alu_core/inst_Alu_1/line__87  File: F:/Xilinx/Projects/S4_APP3/S4_APP3/mips32_unicycle_reference.srcs/sources_1/imports/alu.vhd
Warning: NUMERIC_STD."=": metavalue detected, returning FALSE
Time: 6510 ns  Iteration: 4  Process: /mips_unicycle_tb/dut/inst_Datapath/inst_SIMD_core/inst_Alu_core/inst_Alu_2/line__87  File: F:/Xilinx/Projects/S4_APP3/S4_APP3/mips32_unicycle_reference.srcs/sources_1/imports/alu.vhd
Warning: NUMERIC_STD."=": metavalue detected, returning FALSE
Time: 6510 ns  Iteration: 4  Process: /mips_unicycle_tb/dut/inst_Datapath/inst_SIMD_core/inst_Alu_core/inst_Alu_3/line__87  File: F:/Xilinx/Projects/S4_APP3/S4_APP3/mips32_unicycle_reference.srcs/sources_1/imports/alu.vhd
Warning: NUMERIC_STD."=": metavalue detected, returning FALSE
Time: 6510 ns  Iteration: 4  Process: /mips_unicycle_tb/dut/inst_Datapath/inst_SIMD_core/inst_Alu_core/inst_Alu_4/line__87  File: F:/Xilinx/Projects/S4_APP3/S4_APP3/mips32_unicycle_reference.srcs/sources_1/imports/alu.vhd
Warning: NUMERIC_STD."=": metavalue detected, returning FALSE
Time: 6630 ns  Iteration: 4  Process: /mips_unicycle_tb/dut/inst_Datapath/inst_SIMD_core/inst_Alu_core/inst_Alu_1/line__87  File: F:/Xilinx/Projects/S4_APP3/S4_APP3/mips32_unicycle_reference.srcs/sources_1/imports/alu.vhd
Warning: NUMERIC_STD."=": metavalue detected, returning FALSE
Time: 6630 ns  Iteration: 4  Process: /mips_unicycle_tb/dut/inst_Datapath/inst_SIMD_core/inst_Alu_core/inst_Alu_2/line__87  File: F:/Xilinx/Projects/S4_APP3/S4_APP3/mips32_unicycle_reference.srcs/sources_1/imports/alu.vhd
Warning: NUMERIC_STD."=": metavalue detected, returning FALSE
Time: 6630 ns  Iteration: 4  Process: /mips_unicycle_tb/dut/inst_Datapath/inst_SIMD_core/inst_Alu_core/inst_Alu_3/line__87  File: F:/Xilinx/Projects/S4_APP3/S4_APP3/mips32_unicycle_reference.srcs/sources_1/imports/alu.vhd
Warning: NUMERIC_STD."=": metavalue detected, returning FALSE
Time: 6630 ns  Iteration: 4  Process: /mips_unicycle_tb/dut/inst_Datapath/inst_SIMD_core/inst_Alu_core/inst_Alu_4/line__87  File: F:/Xilinx/Projects/S4_APP3/S4_APP3/mips32_unicycle_reference.srcs/sources_1/imports/alu.vhd
Warning: NUMERIC_STD."=": metavalue detected, returning FALSE
Time: 6750 ns  Iteration: 4  Process: /mips_unicycle_tb/dut/inst_Datapath/inst_SIMD_core/inst_Alu_core/inst_Alu_1/line__87  File: F:/Xilinx/Projects/S4_APP3/S4_APP3/mips32_unicycle_reference.srcs/sources_1/imports/alu.vhd
Warning: NUMERIC_STD."=": metavalue detected, returning FALSE
Time: 6750 ns  Iteration: 4  Process: /mips_unicycle_tb/dut/inst_Datapath/inst_SIMD_core/inst_Alu_core/inst_Alu_2/line__87  File: F:/Xilinx/Projects/S4_APP3/S4_APP3/mips32_unicycle_reference.srcs/sources_1/imports/alu.vhd
Warning: NUMERIC_STD."=": metavalue detected, returning FALSE
Time: 6750 ns  Iteration: 4  Process: /mips_unicycle_tb/dut/inst_Datapath/inst_SIMD_core/inst_Alu_core/inst_Alu_3/line__87  File: F:/Xilinx/Projects/S4_APP3/S4_APP3/mips32_unicycle_reference.srcs/sources_1/imports/alu.vhd
Warning: NUMERIC_STD."=": metavalue detected, returning FALSE
Time: 6750 ns  Iteration: 4  Process: /mips_unicycle_tb/dut/inst_Datapath/inst_SIMD_core/inst_Alu_core/inst_Alu_4/line__87  File: F:/Xilinx/Projects/S4_APP3/S4_APP3/mips32_unicycle_reference.srcs/sources_1/imports/alu.vhd
Warning: NUMERIC_STD."=": metavalue detected, returning FALSE
Time: 6870 ns  Iteration: 4  Process: /mips_unicycle_tb/dut/inst_Datapath/inst_SIMD_core/inst_Alu_core/inst_Alu_1/line__87  File: F:/Xilinx/Projects/S4_APP3/S4_APP3/mips32_unicycle_reference.srcs/sources_1/imports/alu.vhd
Warning: NUMERIC_STD."=": metavalue detected, returning FALSE
Time: 6870 ns  Iteration: 4  Process: /mips_unicycle_tb/dut/inst_Datapath/inst_SIMD_core/inst_Alu_core/inst_Alu_2/line__87  File: F:/Xilinx/Projects/S4_APP3/S4_APP3/mips32_unicycle_reference.srcs/sources_1/imports/alu.vhd
Warning: NUMERIC_STD."=": metavalue detected, returning FALSE
Time: 6870 ns  Iteration: 4  Process: /mips_unicycle_tb/dut/inst_Datapath/inst_SIMD_core/inst_Alu_core/inst_Alu_3/line__87  File: F:/Xilinx/Projects/S4_APP3/S4_APP3/mips32_unicycle_reference.srcs/sources_1/imports/alu.vhd
Warning: NUMERIC_STD."=": metavalue detected, returning FALSE
Time: 6870 ns  Iteration: 4  Process: /mips_unicycle_tb/dut/inst_Datapath/inst_SIMD_core/inst_Alu_core/inst_Alu_4/line__87  File: F:/Xilinx/Projects/S4_APP3/S4_APP3/mips32_unicycle_reference.srcs/sources_1/imports/alu.vhd
Warning: NUMERIC_STD."=": metavalue detected, returning FALSE
Time: 6990 ns  Iteration: 4  Process: /mips_unicycle_tb/dut/inst_Datapath/inst_SIMD_core/inst_Alu_core/inst_Alu_1/line__87  File: F:/Xilinx/Projects/S4_APP3/S4_APP3/mips32_unicycle_reference.srcs/sources_1/imports/alu.vhd
Warning: NUMERIC_STD."=": metavalue detected, returning FALSE
Time: 6990 ns  Iteration: 4  Process: /mips_unicycle_tb/dut/inst_Datapath/inst_SIMD_core/inst_Alu_core/inst_Alu_2/line__87  File: F:/Xilinx/Projects/S4_APP3/S4_APP3/mips32_unicycle_reference.srcs/sources_1/imports/alu.vhd
Warning: NUMERIC_STD."=": metavalue detected, returning FALSE
Time: 6990 ns  Iteration: 4  Process: /mips_unicycle_tb/dut/inst_Datapath/inst_SIMD_core/inst_Alu_core/inst_Alu_3/line__87  File: F:/Xilinx/Projects/S4_APP3/S4_APP3/mips32_unicycle_reference.srcs/sources_1/imports/alu.vhd
Warning: NUMERIC_STD."=": metavalue detected, returning FALSE
Time: 6990 ns  Iteration: 4  Process: /mips_unicycle_tb/dut/inst_Datapath/inst_SIMD_core/inst_Alu_core/inst_Alu_4/line__87  File: F:/Xilinx/Projects/S4_APP3/S4_APP3/mips32_unicycle_reference.srcs/sources_1/imports/alu.vhd
Warning: NUMERIC_STD."=": metavalue detected, returning FALSE
Time: 7110 ns  Iteration: 4  Process: /mips_unicycle_tb/dut/inst_Datapath/inst_SIMD_core/inst_Alu_core/inst_Alu_1/line__87  File: F:/Xilinx/Projects/S4_APP3/S4_APP3/mips32_unicycle_reference.srcs/sources_1/imports/alu.vhd
Warning: NUMERIC_STD."=": metavalue detected, returning FALSE
Time: 7110 ns  Iteration: 4  Process: /mips_unicycle_tb/dut/inst_Datapath/inst_SIMD_core/inst_Alu_core/inst_Alu_2/line__87  File: F:/Xilinx/Projects/S4_APP3/S4_APP3/mips32_unicycle_reference.srcs/sources_1/imports/alu.vhd
Warning: NUMERIC_STD."=": metavalue detected, returning FALSE
Time: 7110 ns  Iteration: 4  Process: /mips_unicycle_tb/dut/inst_Datapath/inst_SIMD_core/inst_Alu_core/inst_Alu_3/line__87  File: F:/Xilinx/Projects/S4_APP3/S4_APP3/mips32_unicycle_reference.srcs/sources_1/imports/alu.vhd
Warning: NUMERIC_STD."=": metavalue detected, returning FALSE
Time: 7110 ns  Iteration: 4  Process: /mips_unicycle_tb/dut/inst_Datapath/inst_SIMD_core/inst_Alu_core/inst_Alu_4/line__87  File: F:/Xilinx/Projects/S4_APP3/S4_APP3/mips32_unicycle_reference.srcs/sources_1/imports/alu.vhd
Warning: NUMERIC_STD."=": metavalue detected, returning FALSE
Time: 7230 ns  Iteration: 4  Process: /mips_unicycle_tb/dut/inst_Datapath/inst_SIMD_core/inst_Alu_core/inst_Alu_1/line__87  File: F:/Xilinx/Projects/S4_APP3/S4_APP3/mips32_unicycle_reference.srcs/sources_1/imports/alu.vhd
Warning: NUMERIC_STD."=": metavalue detected, returning FALSE
Time: 7230 ns  Iteration: 4  Process: /mips_unicycle_tb/dut/inst_Datapath/inst_SIMD_core/inst_Alu_core/inst_Alu_2/line__87  File: F:/Xilinx/Projects/S4_APP3/S4_APP3/mips32_unicycle_reference.srcs/sources_1/imports/alu.vhd
Warning: NUMERIC_STD."=": metavalue detected, returning FALSE
Time: 7230 ns  Iteration: 4  Process: /mips_unicycle_tb/dut/inst_Datapath/inst_SIMD_core/inst_Alu_core/inst_Alu_3/line__87  File: F:/Xilinx/Projects/S4_APP3/S4_APP3/mips32_unicycle_reference.srcs/sources_1/imports/alu.vhd
Warning: NUMERIC_STD."=": metavalue detected, returning FALSE
Time: 7230 ns  Iteration: 4  Process: /mips_unicycle_tb/dut/inst_Datapath/inst_SIMD_core/inst_Alu_core/inst_Alu_4/line__87  File: F:/Xilinx/Projects/S4_APP3/S4_APP3/mips32_unicycle_reference.srcs/sources_1/imports/alu.vhd
Warning: NUMERIC_STD."=": metavalue detected, returning FALSE
Time: 7350 ns  Iteration: 4  Process: /mips_unicycle_tb/dut/inst_Datapath/inst_SIMD_core/inst_Alu_core/inst_Alu_1/line__87  File: F:/Xilinx/Projects/S4_APP3/S4_APP3/mips32_unicycle_reference.srcs/sources_1/imports/alu.vhd
Warning: NUMERIC_STD."=": metavalue detected, returning FALSE
Time: 7350 ns  Iteration: 4  Process: /mips_unicycle_tb/dut/inst_Datapath/inst_SIMD_core/inst_Alu_core/inst_Alu_2/line__87  File: F:/Xilinx/Projects/S4_APP3/S4_APP3/mips32_unicycle_reference.srcs/sources_1/imports/alu.vhd
Warning: NUMERIC_STD."=": metavalue detected, returning FALSE
Time: 7350 ns  Iteration: 4  Process: /mips_unicycle_tb/dut/inst_Datapath/inst_SIMD_core/inst_Alu_core/inst_Alu_3/line__87  File: F:/Xilinx/Projects/S4_APP3/S4_APP3/mips32_unicycle_reference.srcs/sources_1/imports/alu.vhd
Warning: NUMERIC_STD."=": metavalue detected, returning FALSE
Time: 7350 ns  Iteration: 4  Process: /mips_unicycle_tb/dut/inst_Datapath/inst_SIMD_core/inst_Alu_core/inst_Alu_4/line__87  File: F:/Xilinx/Projects/S4_APP3/S4_APP3/mips32_unicycle_reference.srcs/sources_1/imports/alu.vhd
Warning: NUMERIC_STD."=": metavalue detected, returning FALSE
Time: 7470 ns  Iteration: 4  Process: /mips_unicycle_tb/dut/inst_Datapath/inst_SIMD_core/inst_Alu_core/inst_Alu_1/line__87  File: F:/Xilinx/Projects/S4_APP3/S4_APP3/mips32_unicycle_reference.srcs/sources_1/imports/alu.vhd
Warning: NUMERIC_STD."=": metavalue detected, returning FALSE
Time: 7470 ns  Iteration: 4  Process: /mips_unicycle_tb/dut/inst_Datapath/inst_SIMD_core/inst_Alu_core/inst_Alu_2/line__87  File: F:/Xilinx/Projects/S4_APP3/S4_APP3/mips32_unicycle_reference.srcs/sources_1/imports/alu.vhd
Warning: NUMERIC_STD."=": metavalue detected, returning FALSE
Time: 7470 ns  Iteration: 4  Process: /mips_unicycle_tb/dut/inst_Datapath/inst_SIMD_core/inst_Alu_core/inst_Alu_3/line__87  File: F:/Xilinx/Projects/S4_APP3/S4_APP3/mips32_unicycle_reference.srcs/sources_1/imports/alu.vhd
Warning: NUMERIC_STD."=": metavalue detected, returning FALSE
Time: 7470 ns  Iteration: 4  Process: /mips_unicycle_tb/dut/inst_Datapath/inst_SIMD_core/inst_Alu_core/inst_Alu_4/line__87  File: F:/Xilinx/Projects/S4_APP3/S4_APP3/mips32_unicycle_reference.srcs/sources_1/imports/alu.vhd
Warning: NUMERIC_STD."=": metavalue detected, returning FALSE
Time: 7590 ns  Iteration: 4  Process: /mips_unicycle_tb/dut/inst_Datapath/inst_SIMD_core/inst_Alu_core/inst_Alu_1/line__87  File: F:/Xilinx/Projects/S4_APP3/S4_APP3/mips32_unicycle_reference.srcs/sources_1/imports/alu.vhd
Warning: NUMERIC_STD."=": metavalue detected, returning FALSE
Time: 7590 ns  Iteration: 4  Process: /mips_unicycle_tb/dut/inst_Datapath/inst_SIMD_core/inst_Alu_core/inst_Alu_2/line__87  File: F:/Xilinx/Projects/S4_APP3/S4_APP3/mips32_unicycle_reference.srcs/sources_1/imports/alu.vhd
Warning: NUMERIC_STD."=": metavalue detected, returning FALSE
Time: 7590 ns  Iteration: 4  Process: /mips_unicycle_tb/dut/inst_Datapath/inst_SIMD_core/inst_Alu_core/inst_Alu_3/line__87  File: F:/Xilinx/Projects/S4_APP3/S4_APP3/mips32_unicycle_reference.srcs/sources_1/imports/alu.vhd
Warning: NUMERIC_STD."=": metavalue detected, returning FALSE
Time: 7590 ns  Iteration: 4  Process: /mips_unicycle_tb/dut/inst_Datapath/inst_SIMD_core/inst_Alu_core/inst_Alu_4/line__87  File: F:/Xilinx/Projects/S4_APP3/S4_APP3/mips32_unicycle_reference.srcs/sources_1/imports/alu.vhd
Warning: NUMERIC_STD."=": metavalue detected, returning FALSE
Time: 7710 ns  Iteration: 4  Process: /mips_unicycle_tb/dut/inst_Datapath/inst_SIMD_core/inst_Alu_core/inst_Alu_1/line__87  File: F:/Xilinx/Projects/S4_APP3/S4_APP3/mips32_unicycle_reference.srcs/sources_1/imports/alu.vhd
Warning: NUMERIC_STD."=": metavalue detected, returning FALSE
Time: 7710 ns  Iteration: 4  Process: /mips_unicycle_tb/dut/inst_Datapath/inst_SIMD_core/inst_Alu_core/inst_Alu_2/line__87  File: F:/Xilinx/Projects/S4_APP3/S4_APP3/mips32_unicycle_reference.srcs/sources_1/imports/alu.vhd
Warning: NUMERIC_STD."=": metavalue detected, returning FALSE
Time: 7710 ns  Iteration: 4  Process: /mips_unicycle_tb/dut/inst_Datapath/inst_SIMD_core/inst_Alu_core/inst_Alu_3/line__87  File: F:/Xilinx/Projects/S4_APP3/S4_APP3/mips32_unicycle_reference.srcs/sources_1/imports/alu.vhd
Warning: NUMERIC_STD."=": metavalue detected, returning FALSE
Time: 7710 ns  Iteration: 4  Process: /mips_unicycle_tb/dut/inst_Datapath/inst_SIMD_core/inst_Alu_core/inst_Alu_4/line__87  File: F:/Xilinx/Projects/S4_APP3/S4_APP3/mips32_unicycle_reference.srcs/sources_1/imports/alu.vhd
Warning: NUMERIC_STD."=": metavalue detected, returning FALSE
Time: 7830 ns  Iteration: 4  Process: /mips_unicycle_tb/dut/inst_Datapath/inst_SIMD_core/inst_Alu_core/inst_Alu_1/line__87  File: F:/Xilinx/Projects/S4_APP3/S4_APP3/mips32_unicycle_reference.srcs/sources_1/imports/alu.vhd
Warning: NUMERIC_STD."=": metavalue detected, returning FALSE
Time: 7830 ns  Iteration: 4  Process: /mips_unicycle_tb/dut/inst_Datapath/inst_SIMD_core/inst_Alu_core/inst_Alu_2/line__87  File: F:/Xilinx/Projects/S4_APP3/S4_APP3/mips32_unicycle_reference.srcs/sources_1/imports/alu.vhd
Warning: NUMERIC_STD."=": metavalue detected, returning FALSE
Time: 7830 ns  Iteration: 4  Process: /mips_unicycle_tb/dut/inst_Datapath/inst_SIMD_core/inst_Alu_core/inst_Alu_3/line__87  File: F:/Xilinx/Projects/S4_APP3/S4_APP3/mips32_unicycle_reference.srcs/sources_1/imports/alu.vhd
Warning: NUMERIC_STD."=": metavalue detected, returning FALSE
Time: 7830 ns  Iteration: 4  Process: /mips_unicycle_tb/dut/inst_Datapath/inst_SIMD_core/inst_Alu_core/inst_Alu_4/line__87  File: F:/Xilinx/Projects/S4_APP3/S4_APP3/mips32_unicycle_reference.srcs/sources_1/imports/alu.vhd
Warning: NUMERIC_STD."=": metavalue detected, returning FALSE
Time: 7950 ns  Iteration: 4  Process: /mips_unicycle_tb/dut/inst_Datapath/inst_SIMD_core/inst_Alu_core/inst_Alu_1/line__87  File: F:/Xilinx/Projects/S4_APP3/S4_APP3/mips32_unicycle_reference.srcs/sources_1/imports/alu.vhd
Warning: NUMERIC_STD."=": metavalue detected, returning FALSE
Time: 7950 ns  Iteration: 4  Process: /mips_unicycle_tb/dut/inst_Datapath/inst_SIMD_core/inst_Alu_core/inst_Alu_2/line__87  File: F:/Xilinx/Projects/S4_APP3/S4_APP3/mips32_unicycle_reference.srcs/sources_1/imports/alu.vhd
Warning: NUMERIC_STD."=": metavalue detected, returning FALSE
Time: 7950 ns  Iteration: 4  Process: /mips_unicycle_tb/dut/inst_Datapath/inst_SIMD_core/inst_Alu_core/inst_Alu_3/line__87  File: F:/Xilinx/Projects/S4_APP3/S4_APP3/mips32_unicycle_reference.srcs/sources_1/imports/alu.vhd
Warning: NUMERIC_STD."=": metavalue detected, returning FALSE
Time: 7950 ns  Iteration: 4  Process: /mips_unicycle_tb/dut/inst_Datapath/inst_SIMD_core/inst_Alu_core/inst_Alu_4/line__87  File: F:/Xilinx/Projects/S4_APP3/S4_APP3/mips32_unicycle_reference.srcs/sources_1/imports/alu.vhd
Warning: NUMERIC_STD."=": metavalue detected, returning FALSE
Time: 8070 ns  Iteration: 4  Process: /mips_unicycle_tb/dut/inst_Datapath/inst_SIMD_core/inst_Alu_core/inst_Alu_1/line__87  File: F:/Xilinx/Projects/S4_APP3/S4_APP3/mips32_unicycle_reference.srcs/sources_1/imports/alu.vhd
Warning: NUMERIC_STD."=": metavalue detected, returning FALSE
Time: 8070 ns  Iteration: 4  Process: /mips_unicycle_tb/dut/inst_Datapath/inst_SIMD_core/inst_Alu_core/inst_Alu_2/line__87  File: F:/Xilinx/Projects/S4_APP3/S4_APP3/mips32_unicycle_reference.srcs/sources_1/imports/alu.vhd
Warning: NUMERIC_STD."=": metavalue detected, returning FALSE
Time: 8070 ns  Iteration: 4  Process: /mips_unicycle_tb/dut/inst_Datapath/inst_SIMD_core/inst_Alu_core/inst_Alu_3/line__87  File: F:/Xilinx/Projects/S4_APP3/S4_APP3/mips32_unicycle_reference.srcs/sources_1/imports/alu.vhd
Warning: NUMERIC_STD."=": metavalue detected, returning FALSE
Time: 8070 ns  Iteration: 4  Process: /mips_unicycle_tb/dut/inst_Datapath/inst_SIMD_core/inst_Alu_core/inst_Alu_4/line__87  File: F:/Xilinx/Projects/S4_APP3/S4_APP3/mips32_unicycle_reference.srcs/sources_1/imports/alu.vhd
Warning: NUMERIC_STD."=": metavalue detected, returning FALSE
Time: 8190 ns  Iteration: 4  Process: /mips_unicycle_tb/dut/inst_Datapath/inst_SIMD_core/inst_Alu_core/inst_Alu_1/line__87  File: F:/Xilinx/Projects/S4_APP3/S4_APP3/mips32_unicycle_reference.srcs/sources_1/imports/alu.vhd
Warning: NUMERIC_STD."=": metavalue detected, returning FALSE
Time: 8190 ns  Iteration: 4  Process: /mips_unicycle_tb/dut/inst_Datapath/inst_SIMD_core/inst_Alu_core/inst_Alu_2/line__87  File: F:/Xilinx/Projects/S4_APP3/S4_APP3/mips32_unicycle_reference.srcs/sources_1/imports/alu.vhd
Warning: NUMERIC_STD."=": metavalue detected, returning FALSE
Time: 8190 ns  Iteration: 4  Process: /mips_unicycle_tb/dut/inst_Datapath/inst_SIMD_core/inst_Alu_core/inst_Alu_3/line__87  File: F:/Xilinx/Projects/S4_APP3/S4_APP3/mips32_unicycle_reference.srcs/sources_1/imports/alu.vhd
Warning: NUMERIC_STD."=": metavalue detected, returning FALSE
Time: 8190 ns  Iteration: 4  Process: /mips_unicycle_tb/dut/inst_Datapath/inst_SIMD_core/inst_Alu_core/inst_Alu_4/line__87  File: F:/Xilinx/Projects/S4_APP3/S4_APP3/mips32_unicycle_reference.srcs/sources_1/imports/alu.vhd
Warning: NUMERIC_STD."=": metavalue detected, returning FALSE
Time: 8310 ns  Iteration: 4  Process: /mips_unicycle_tb/dut/inst_Datapath/inst_SIMD_core/inst_Alu_core/inst_Alu_1/line__87  File: F:/Xilinx/Projects/S4_APP3/S4_APP3/mips32_unicycle_reference.srcs/sources_1/imports/alu.vhd
Warning: NUMERIC_STD."=": metavalue detected, returning FALSE
Time: 8310 ns  Iteration: 4  Process: /mips_unicycle_tb/dut/inst_Datapath/inst_SIMD_core/inst_Alu_core/inst_Alu_2/line__87  File: F:/Xilinx/Projects/S4_APP3/S4_APP3/mips32_unicycle_reference.srcs/sources_1/imports/alu.vhd
Warning: NUMERIC_STD."=": metavalue detected, returning FALSE
Time: 8310 ns  Iteration: 4  Process: /mips_unicycle_tb/dut/inst_Datapath/inst_SIMD_core/inst_Alu_core/inst_Alu_3/line__87  File: F:/Xilinx/Projects/S4_APP3/S4_APP3/mips32_unicycle_reference.srcs/sources_1/imports/alu.vhd
Warning: NUMERIC_STD."=": metavalue detected, returning FALSE
Time: 8310 ns  Iteration: 4  Process: /mips_unicycle_tb/dut/inst_Datapath/inst_SIMD_core/inst_Alu_core/inst_Alu_4/line__87  File: F:/Xilinx/Projects/S4_APP3/S4_APP3/mips32_unicycle_reference.srcs/sources_1/imports/alu.vhd
Warning: NUMERIC_STD."=": metavalue detected, returning FALSE
Time: 8430 ns  Iteration: 4  Process: /mips_unicycle_tb/dut/inst_Datapath/inst_SIMD_core/inst_Alu_core/inst_Alu_1/line__87  File: F:/Xilinx/Projects/S4_APP3/S4_APP3/mips32_unicycle_reference.srcs/sources_1/imports/alu.vhd
Warning: NUMERIC_STD."=": metavalue detected, returning FALSE
Time: 8430 ns  Iteration: 4  Process: /mips_unicycle_tb/dut/inst_Datapath/inst_SIMD_core/inst_Alu_core/inst_Alu_2/line__87  File: F:/Xilinx/Projects/S4_APP3/S4_APP3/mips32_unicycle_reference.srcs/sources_1/imports/alu.vhd
Warning: NUMERIC_STD."=": metavalue detected, returning FALSE
Time: 8430 ns  Iteration: 4  Process: /mips_unicycle_tb/dut/inst_Datapath/inst_SIMD_core/inst_Alu_core/inst_Alu_3/line__87  File: F:/Xilinx/Projects/S4_APP3/S4_APP3/mips32_unicycle_reference.srcs/sources_1/imports/alu.vhd
Warning: NUMERIC_STD."=": metavalue detected, returning FALSE
Time: 8430 ns  Iteration: 4  Process: /mips_unicycle_tb/dut/inst_Datapath/inst_SIMD_core/inst_Alu_core/inst_Alu_4/line__87  File: F:/Xilinx/Projects/S4_APP3/S4_APP3/mips32_unicycle_reference.srcs/sources_1/imports/alu.vhd
Warning: NUMERIC_STD."=": metavalue detected, returning FALSE
Time: 8550 ns  Iteration: 4  Process: /mips_unicycle_tb/dut/inst_Datapath/inst_SIMD_core/inst_Alu_core/inst_Alu_1/line__87  File: F:/Xilinx/Projects/S4_APP3/S4_APP3/mips32_unicycle_reference.srcs/sources_1/imports/alu.vhd
Warning: NUMERIC_STD."=": metavalue detected, returning FALSE
Time: 8550 ns  Iteration: 4  Process: /mips_unicycle_tb/dut/inst_Datapath/inst_SIMD_core/inst_Alu_core/inst_Alu_2/line__87  File: F:/Xilinx/Projects/S4_APP3/S4_APP3/mips32_unicycle_reference.srcs/sources_1/imports/alu.vhd
Warning: NUMERIC_STD."=": metavalue detected, returning FALSE
Time: 8550 ns  Iteration: 4  Process: /mips_unicycle_tb/dut/inst_Datapath/inst_SIMD_core/inst_Alu_core/inst_Alu_3/line__87  File: F:/Xilinx/Projects/S4_APP3/S4_APP3/mips32_unicycle_reference.srcs/sources_1/imports/alu.vhd
Warning: NUMERIC_STD."=": metavalue detected, returning FALSE
Time: 8550 ns  Iteration: 4  Process: /mips_unicycle_tb/dut/inst_Datapath/inst_SIMD_core/inst_Alu_core/inst_Alu_4/line__87  File: F:/Xilinx/Projects/S4_APP3/S4_APP3/mips32_unicycle_reference.srcs/sources_1/imports/alu.vhd
Warning: NUMERIC_STD."=": metavalue detected, returning FALSE
Time: 8670 ns  Iteration: 4  Process: /mips_unicycle_tb/dut/inst_Datapath/inst_SIMD_core/inst_Alu_core/inst_Alu_1/line__87  File: F:/Xilinx/Projects/S4_APP3/S4_APP3/mips32_unicycle_reference.srcs/sources_1/imports/alu.vhd
Warning: NUMERIC_STD."=": metavalue detected, returning FALSE
Time: 8670 ns  Iteration: 4  Process: /mips_unicycle_tb/dut/inst_Datapath/inst_SIMD_core/inst_Alu_core/inst_Alu_2/line__87  File: F:/Xilinx/Projects/S4_APP3/S4_APP3/mips32_unicycle_reference.srcs/sources_1/imports/alu.vhd
Warning: NUMERIC_STD."=": metavalue detected, returning FALSE
Time: 8670 ns  Iteration: 4  Process: /mips_unicycle_tb/dut/inst_Datapath/inst_SIMD_core/inst_Alu_core/inst_Alu_3/line__87  File: F:/Xilinx/Projects/S4_APP3/S4_APP3/mips32_unicycle_reference.srcs/sources_1/imports/alu.vhd
Warning: NUMERIC_STD."=": metavalue detected, returning FALSE
Time: 8670 ns  Iteration: 4  Process: /mips_unicycle_tb/dut/inst_Datapath/inst_SIMD_core/inst_Alu_core/inst_Alu_4/line__87  File: F:/Xilinx/Projects/S4_APP3/S4_APP3/mips32_unicycle_reference.srcs/sources_1/imports/alu.vhd
Warning: NUMERIC_STD."=": metavalue detected, returning FALSE
Time: 8790 ns  Iteration: 4  Process: /mips_unicycle_tb/dut/inst_Datapath/inst_SIMD_core/inst_Alu_core/inst_Alu_1/line__87  File: F:/Xilinx/Projects/S4_APP3/S4_APP3/mips32_unicycle_reference.srcs/sources_1/imports/alu.vhd
Warning: NUMERIC_STD."=": metavalue detected, returning FALSE
Time: 8790 ns  Iteration: 4  Process: /mips_unicycle_tb/dut/inst_Datapath/inst_SIMD_core/inst_Alu_core/inst_Alu_2/line__87  File: F:/Xilinx/Projects/S4_APP3/S4_APP3/mips32_unicycle_reference.srcs/sources_1/imports/alu.vhd
Warning: NUMERIC_STD."=": metavalue detected, returning FALSE
Time: 8790 ns  Iteration: 4  Process: /mips_unicycle_tb/dut/inst_Datapath/inst_SIMD_core/inst_Alu_core/inst_Alu_3/line__87  File: F:/Xilinx/Projects/S4_APP3/S4_APP3/mips32_unicycle_reference.srcs/sources_1/imports/alu.vhd
Warning: NUMERIC_STD."=": metavalue detected, returning FALSE
Time: 8790 ns  Iteration: 4  Process: /mips_unicycle_tb/dut/inst_Datapath/inst_SIMD_core/inst_Alu_core/inst_Alu_4/line__87  File: F:/Xilinx/Projects/S4_APP3/S4_APP3/mips32_unicycle_reference.srcs/sources_1/imports/alu.vhd
Warning: NUMERIC_STD."=": metavalue detected, returning FALSE
Time: 8910 ns  Iteration: 4  Process: /mips_unicycle_tb/dut/inst_Datapath/inst_SIMD_core/inst_Alu_core/inst_Alu_1/line__87  File: F:/Xilinx/Projects/S4_APP3/S4_APP3/mips32_unicycle_reference.srcs/sources_1/imports/alu.vhd
Warning: NUMERIC_STD."=": metavalue detected, returning FALSE
Time: 8910 ns  Iteration: 4  Process: /mips_unicycle_tb/dut/inst_Datapath/inst_SIMD_core/inst_Alu_core/inst_Alu_2/line__87  File: F:/Xilinx/Projects/S4_APP3/S4_APP3/mips32_unicycle_reference.srcs/sources_1/imports/alu.vhd
Warning: NUMERIC_STD."=": metavalue detected, returning FALSE
Time: 8910 ns  Iteration: 4  Process: /mips_unicycle_tb/dut/inst_Datapath/inst_SIMD_core/inst_Alu_core/inst_Alu_3/line__87  File: F:/Xilinx/Projects/S4_APP3/S4_APP3/mips32_unicycle_reference.srcs/sources_1/imports/alu.vhd
Warning: NUMERIC_STD."=": metavalue detected, returning FALSE
Time: 8910 ns  Iteration: 4  Process: /mips_unicycle_tb/dut/inst_Datapath/inst_SIMD_core/inst_Alu_core/inst_Alu_4/line__87  File: F:/Xilinx/Projects/S4_APP3/S4_APP3/mips32_unicycle_reference.srcs/sources_1/imports/alu.vhd
Warning: NUMERIC_STD."=": metavalue detected, returning FALSE
Time: 9030 ns  Iteration: 4  Process: /mips_unicycle_tb/dut/inst_Datapath/inst_SIMD_core/inst_Alu_core/inst_Alu_1/line__87  File: F:/Xilinx/Projects/S4_APP3/S4_APP3/mips32_unicycle_reference.srcs/sources_1/imports/alu.vhd
Warning: NUMERIC_STD."=": metavalue detected, returning FALSE
Time: 9030 ns  Iteration: 4  Process: /mips_unicycle_tb/dut/inst_Datapath/inst_SIMD_core/inst_Alu_core/inst_Alu_2/line__87  File: F:/Xilinx/Projects/S4_APP3/S4_APP3/mips32_unicycle_reference.srcs/sources_1/imports/alu.vhd
Warning: NUMERIC_STD."=": metavalue detected, returning FALSE
Time: 9030 ns  Iteration: 4  Process: /mips_unicycle_tb/dut/inst_Datapath/inst_SIMD_core/inst_Alu_core/inst_Alu_3/line__87  File: F:/Xilinx/Projects/S4_APP3/S4_APP3/mips32_unicycle_reference.srcs/sources_1/imports/alu.vhd
Warning: NUMERIC_STD."=": metavalue detected, returning FALSE
Time: 9030 ns  Iteration: 4  Process: /mips_unicycle_tb/dut/inst_Datapath/inst_SIMD_core/inst_Alu_core/inst_Alu_4/line__87  File: F:/Xilinx/Projects/S4_APP3/S4_APP3/mips32_unicycle_reference.srcs/sources_1/imports/alu.vhd
Warning: NUMERIC_STD."=": metavalue detected, returning FALSE
Time: 9150 ns  Iteration: 4  Process: /mips_unicycle_tb/dut/inst_Datapath/inst_SIMD_core/inst_Alu_core/inst_Alu_1/line__87  File: F:/Xilinx/Projects/S4_APP3/S4_APP3/mips32_unicycle_reference.srcs/sources_1/imports/alu.vhd
Warning: NUMERIC_STD."=": metavalue detected, returning FALSE
Time: 9150 ns  Iteration: 4  Process: /mips_unicycle_tb/dut/inst_Datapath/inst_SIMD_core/inst_Alu_core/inst_Alu_2/line__87  File: F:/Xilinx/Projects/S4_APP3/S4_APP3/mips32_unicycle_reference.srcs/sources_1/imports/alu.vhd
Warning: NUMERIC_STD."=": metavalue detected, returning FALSE
Time: 9150 ns  Iteration: 4  Process: /mips_unicycle_tb/dut/inst_Datapath/inst_SIMD_core/inst_Alu_core/inst_Alu_3/line__87  File: F:/Xilinx/Projects/S4_APP3/S4_APP3/mips32_unicycle_reference.srcs/sources_1/imports/alu.vhd
Warning: NUMERIC_STD."=": metavalue detected, returning FALSE
Time: 9150 ns  Iteration: 4  Process: /mips_unicycle_tb/dut/inst_Datapath/inst_SIMD_core/inst_Alu_core/inst_Alu_4/line__87  File: F:/Xilinx/Projects/S4_APP3/S4_APP3/mips32_unicycle_reference.srcs/sources_1/imports/alu.vhd
Warning: NUMERIC_STD."=": metavalue detected, returning FALSE
Time: 9270 ns  Iteration: 4  Process: /mips_unicycle_tb/dut/inst_Datapath/inst_SIMD_core/inst_Alu_core/inst_Alu_1/line__87  File: F:/Xilinx/Projects/S4_APP3/S4_APP3/mips32_unicycle_reference.srcs/sources_1/imports/alu.vhd
Warning: NUMERIC_STD."=": metavalue detected, returning FALSE
Time: 9270 ns  Iteration: 4  Process: /mips_unicycle_tb/dut/inst_Datapath/inst_SIMD_core/inst_Alu_core/inst_Alu_2/line__87  File: F:/Xilinx/Projects/S4_APP3/S4_APP3/mips32_unicycle_reference.srcs/sources_1/imports/alu.vhd
Warning: NUMERIC_STD."=": metavalue detected, returning FALSE
Time: 9270 ns  Iteration: 4  Process: /mips_unicycle_tb/dut/inst_Datapath/inst_SIMD_core/inst_Alu_core/inst_Alu_3/line__87  File: F:/Xilinx/Projects/S4_APP3/S4_APP3/mips32_unicycle_reference.srcs/sources_1/imports/alu.vhd
Warning: NUMERIC_STD."=": metavalue detected, returning FALSE
Time: 9270 ns  Iteration: 4  Process: /mips_unicycle_tb/dut/inst_Datapath/inst_SIMD_core/inst_Alu_core/inst_Alu_4/line__87  File: F:/Xilinx/Projects/S4_APP3/S4_APP3/mips32_unicycle_reference.srcs/sources_1/imports/alu.vhd
Warning: NUMERIC_STD."=": metavalue detected, returning FALSE
Time: 9390 ns  Iteration: 4  Process: /mips_unicycle_tb/dut/inst_Datapath/inst_SIMD_core/inst_Alu_core/inst_Alu_1/line__87  File: F:/Xilinx/Projects/S4_APP3/S4_APP3/mips32_unicycle_reference.srcs/sources_1/imports/alu.vhd
Warning: NUMERIC_STD."=": metavalue detected, returning FALSE
Time: 9390 ns  Iteration: 4  Process: /mips_unicycle_tb/dut/inst_Datapath/inst_SIMD_core/inst_Alu_core/inst_Alu_2/line__87  File: F:/Xilinx/Projects/S4_APP3/S4_APP3/mips32_unicycle_reference.srcs/sources_1/imports/alu.vhd
Warning: NUMERIC_STD."=": metavalue detected, returning FALSE
Time: 9390 ns  Iteration: 4  Process: /mips_unicycle_tb/dut/inst_Datapath/inst_SIMD_core/inst_Alu_core/inst_Alu_3/line__87  File: F:/Xilinx/Projects/S4_APP3/S4_APP3/mips32_unicycle_reference.srcs/sources_1/imports/alu.vhd
Warning: NUMERIC_STD."=": metavalue detected, returning FALSE
Time: 9390 ns  Iteration: 4  Process: /mips_unicycle_tb/dut/inst_Datapath/inst_SIMD_core/inst_Alu_core/inst_Alu_4/line__87  File: F:/Xilinx/Projects/S4_APP3/S4_APP3/mips32_unicycle_reference.srcs/sources_1/imports/alu.vhd
Warning: NUMERIC_STD."=": metavalue detected, returning FALSE
Time: 9510 ns  Iteration: 4  Process: /mips_unicycle_tb/dut/inst_Datapath/inst_SIMD_core/inst_Alu_core/inst_Alu_1/line__87  File: F:/Xilinx/Projects/S4_APP3/S4_APP3/mips32_unicycle_reference.srcs/sources_1/imports/alu.vhd
Warning: NUMERIC_STD."=": metavalue detected, returning FALSE
Time: 9510 ns  Iteration: 4  Process: /mips_unicycle_tb/dut/inst_Datapath/inst_SIMD_core/inst_Alu_core/inst_Alu_2/line__87  File: F:/Xilinx/Projects/S4_APP3/S4_APP3/mips32_unicycle_reference.srcs/sources_1/imports/alu.vhd
Warning: NUMERIC_STD."=": metavalue detected, returning FALSE
Time: 9510 ns  Iteration: 4  Process: /mips_unicycle_tb/dut/inst_Datapath/inst_SIMD_core/inst_Alu_core/inst_Alu_3/line__87  File: F:/Xilinx/Projects/S4_APP3/S4_APP3/mips32_unicycle_reference.srcs/sources_1/imports/alu.vhd
Warning: NUMERIC_STD."=": metavalue detected, returning FALSE
Time: 9510 ns  Iteration: 4  Process: /mips_unicycle_tb/dut/inst_Datapath/inst_SIMD_core/inst_Alu_core/inst_Alu_4/line__87  File: F:/Xilinx/Projects/S4_APP3/S4_APP3/mips32_unicycle_reference.srcs/sources_1/imports/alu.vhd
Warning: NUMERIC_STD."=": metavalue detected, returning FALSE
Time: 9630 ns  Iteration: 4  Process: /mips_unicycle_tb/dut/inst_Datapath/inst_SIMD_core/inst_Alu_core/inst_Alu_1/line__87  File: F:/Xilinx/Projects/S4_APP3/S4_APP3/mips32_unicycle_reference.srcs/sources_1/imports/alu.vhd
Warning: NUMERIC_STD."=": metavalue detected, returning FALSE
Time: 9630 ns  Iteration: 4  Process: /mips_unicycle_tb/dut/inst_Datapath/inst_SIMD_core/inst_Alu_core/inst_Alu_2/line__87  File: F:/Xilinx/Projects/S4_APP3/S4_APP3/mips32_unicycle_reference.srcs/sources_1/imports/alu.vhd
Warning: NUMERIC_STD."=": metavalue detected, returning FALSE
Time: 9630 ns  Iteration: 4  Process: /mips_unicycle_tb/dut/inst_Datapath/inst_SIMD_core/inst_Alu_core/inst_Alu_3/line__87  File: F:/Xilinx/Projects/S4_APP3/S4_APP3/mips32_unicycle_reference.srcs/sources_1/imports/alu.vhd
Warning: NUMERIC_STD."=": metavalue detected, returning FALSE
Time: 9630 ns  Iteration: 4  Process: /mips_unicycle_tb/dut/inst_Datapath/inst_SIMD_core/inst_Alu_core/inst_Alu_4/line__87  File: F:/Xilinx/Projects/S4_APP3/S4_APP3/mips32_unicycle_reference.srcs/sources_1/imports/alu.vhd
Warning: NUMERIC_STD."=": metavalue detected, returning FALSE
Time: 9750 ns  Iteration: 4  Process: /mips_unicycle_tb/dut/inst_Datapath/inst_SIMD_core/inst_Alu_core/inst_Alu_1/line__87  File: F:/Xilinx/Projects/S4_APP3/S4_APP3/mips32_unicycle_reference.srcs/sources_1/imports/alu.vhd
Warning: NUMERIC_STD."=": metavalue detected, returning FALSE
Time: 9750 ns  Iteration: 4  Process: /mips_unicycle_tb/dut/inst_Datapath/inst_SIMD_core/inst_Alu_core/inst_Alu_2/line__87  File: F:/Xilinx/Projects/S4_APP3/S4_APP3/mips32_unicycle_reference.srcs/sources_1/imports/alu.vhd
Warning: NUMERIC_STD."=": metavalue detected, returning FALSE
Time: 9750 ns  Iteration: 4  Process: /mips_unicycle_tb/dut/inst_Datapath/inst_SIMD_core/inst_Alu_core/inst_Alu_3/line__87  File: F:/Xilinx/Projects/S4_APP3/S4_APP3/mips32_unicycle_reference.srcs/sources_1/imports/alu.vhd
Warning: NUMERIC_STD."=": metavalue detected, returning FALSE
Time: 9750 ns  Iteration: 4  Process: /mips_unicycle_tb/dut/inst_Datapath/inst_SIMD_core/inst_Alu_core/inst_Alu_4/line__87  File: F:/Xilinx/Projects/S4_APP3/S4_APP3/mips32_unicycle_reference.srcs/sources_1/imports/alu.vhd
Warning: NUMERIC_STD."=": metavalue detected, returning FALSE
Time: 9870 ns  Iteration: 4  Process: /mips_unicycle_tb/dut/inst_Datapath/inst_SIMD_core/inst_Alu_core/inst_Alu_1/line__87  File: F:/Xilinx/Projects/S4_APP3/S4_APP3/mips32_unicycle_reference.srcs/sources_1/imports/alu.vhd
Warning: NUMERIC_STD."=": metavalue detected, returning FALSE
Time: 9870 ns  Iteration: 4  Process: /mips_unicycle_tb/dut/inst_Datapath/inst_SIMD_core/inst_Alu_core/inst_Alu_2/line__87  File: F:/Xilinx/Projects/S4_APP3/S4_APP3/mips32_unicycle_reference.srcs/sources_1/imports/alu.vhd
Warning: NUMERIC_STD."=": metavalue detected, returning FALSE
Time: 9870 ns  Iteration: 4  Process: /mips_unicycle_tb/dut/inst_Datapath/inst_SIMD_core/inst_Alu_core/inst_Alu_3/line__87  File: F:/Xilinx/Projects/S4_APP3/S4_APP3/mips32_unicycle_reference.srcs/sources_1/imports/alu.vhd
Warning: NUMERIC_STD."=": metavalue detected, returning FALSE
Time: 9870 ns  Iteration: 4  Process: /mips_unicycle_tb/dut/inst_Datapath/inst_SIMD_core/inst_Alu_core/inst_Alu_4/line__87  File: F:/Xilinx/Projects/S4_APP3/S4_APP3/mips32_unicycle_reference.srcs/sources_1/imports/alu.vhd
Warning: NUMERIC_STD."=": metavalue detected, returning FALSE
Time: 9990 ns  Iteration: 4  Process: /mips_unicycle_tb/dut/inst_Datapath/inst_SIMD_core/inst_Alu_core/inst_Alu_1/line__87  File: F:/Xilinx/Projects/S4_APP3/S4_APP3/mips32_unicycle_reference.srcs/sources_1/imports/alu.vhd
Warning: NUMERIC_STD."=": metavalue detected, returning FALSE
Time: 9990 ns  Iteration: 4  Process: /mips_unicycle_tb/dut/inst_Datapath/inst_SIMD_core/inst_Alu_core/inst_Alu_2/line__87  File: F:/Xilinx/Projects/S4_APP3/S4_APP3/mips32_unicycle_reference.srcs/sources_1/imports/alu.vhd
Warning: NUMERIC_STD."=": metavalue detected, returning FALSE
Time: 9990 ns  Iteration: 4  Process: /mips_unicycle_tb/dut/inst_Datapath/inst_SIMD_core/inst_Alu_core/inst_Alu_3/line__87  File: F:/Xilinx/Projects/S4_APP3/S4_APP3/mips32_unicycle_reference.srcs/sources_1/imports/alu.vhd
Warning: NUMERIC_STD."=": metavalue detected, returning FALSE
Time: 9990 ns  Iteration: 4  Process: /mips_unicycle_tb/dut/inst_Datapath/inst_SIMD_core/inst_Alu_core/inst_Alu_4/line__87  File: F:/Xilinx/Projects/S4_APP3/S4_APP3/mips32_unicycle_reference.srcs/sources_1/imports/alu.vhd
